#
# A fatal error has been detected by the Java Runtime Environment:
#
#  SIGSEGV (0xb) at pc=0x00007fff88ef20dd, pid=8121, tid=1811
#
# JRE version: Java(TM) SE Runtime Environment (8.0_40-b12) (build 1.8.0_40-ea-b12)
# Java VM: Java HotSpot(TM) 64-Bit Server VM (25.40-b16 mixed mode bsd-amd64 compressed oops)
# Problematic frame:
# C  [libobjc.A.dylib+0x10dd]  objc_msgSend+0x1d
#
# Failed to write core dump. Core dumps have been disabled. To enable core dumping, try "ulimit -c unlimited" before starting Java again
#
# If you would like to submit a bug report, please visit:
#   http://bugreport.sun.com/bugreport/crash.jsp
# The crash happened outside the Java Virtual Machine in native code.
# See problematic frame for where to report the bug.
#

---------------  T H R E A D  ---------------

Current thread (0x00007fa664118800):  JavaThread "AppKit Thread" daemon [_thread_in_native, id=1811, stack(0x00007fff5521f000,0x00007fff55a1f000)]

siginfo: si_signo: 11 (SIGSEGV), si_code: 1 (SEGV_MAPERR), si_addr: 0x0000000000000018

Registers:
RAX=0x00007fa663d9b2b0, RBX=0x00007fff55a1a858, RCX=0x0000000000000000, RDX=0x00007fa663d997d0
RSP=0x00007fff55a1a678, RBP=0x00007fff55a1a680, RSI=0x00007fff848962b4, RDI=0x00007fa663d9b2b0
R8 =0x00007fff55a1a660, R9 =0x0000000000000054, R10=0x00007fff848962b4, R11=0x0000000000000000
R12=0x00007fa663d34550, R13=0x00000000000f42e7, R14=0x00007fa663dda1f0, R15=0x00007fff55a1a7b8
RIP=0x00007fff88ef20dd, EFLAGS=0x0000000000010246, ERR=0x0000000000000004
  TRAPNO=0x000000000000000e

Top of Stack: (sp=0x00007fff55a1a678)
0x00007fff55a1a678:   00007fff88b93cdc 00007fff55a1a9e0
0x00007fff55a1a688:   00007fff88a85244 00007fff55a1a70c
0x00007fff55a1a698:   00007fff55a1a710 00007fff55a1a714
0x00007fff55a1a6a8:   00007fff71ac1c88 ffffffffffffffff
0x00007fff55a1a6b8:   00000000000007e0 00007fff71ac1ca0
0x00007fff55a1a6c8:   00007fa663dda1f0 0000000000000000
0x00007fff55a1a6d8:   00007fff55a1a7b0 0000000000000000
0x00007fff55a1a6e8:   00007fa663daedd0 00007fff55a1a830
0x00007fff55a1a6f8:   0000000000000054 00000000000f42e9
0x00007fff55a1a708:   00007fa663d997d0 00007fa663dae800
0x00007fff55a1a718:   00007fa663d34550 0000000000000001
0x00007fff55a1a728:   00000000000f42e7 00007fa663d34540
0x00007fff55a1a738:   00007fff85e557ba 0000000163c804c0
0x00007fff55a1a748:   00007fff730050d0 0000000042000000
0x00007fff55a1a758:   00007fff85e5de13 00007fff71a8c1d0
0x00007fff55a1a768:   00007fff55a1a838 0000000000000000
0x00007fff55a1a778:   00007fff721118c8 0000000000000000
0x00007fff55a1a788:   0000000000000007 0001280300000001
0x00007fff55a1a798:   00007fa663d34574 0000000000000000
0x00007fff55a1a7a8:   00000000003c0d01 00007fa663daee50
0x00007fff55a1a7b8:   00007fa663dda1f0 0000000000000000
0x00007fff55a1a7c8:   00007fff848ce34c 00007fff55a1a870
0x00007fff55a1a7d8:   00007fff8d5c2513 00007fff55a1a854
0x00007fff55a1a7e8:   00000000003c0e01 00000000ffffffff
0x00007fff55a1a7f8:   00007fff721118c8 00000000003c0e00
0x00007fff55a1a808:   00007fff00000000 00007fff55a1a900
0x00007fff55a1a818:   00007fff8d99aedc 00007fff721118e8
0x00007fff55a1a828:   00007fff848ce34c 0000000000000050
0x00007fff55a1a838:   0000000000000000 00000000000f42df
0x00007fff55a1a848:   0000000000000052 0000000000000000
0x00007fff55a1a858:   00000000000f42e7 00007fff55a1a8d4
0x00007fff55a1a868:   00000000003c1c01 00000000ffffffff 

Instructions: (pc=0x00007fff88ef20dd)
0x00007fff88ef20bd:   00 00 00 48 85 ff 2e 74 7a 40 f6 c7 01 2e 75 7e
0x00007fff88ef20cd:   49 bb f8 ff ff ff ff 7f 00 00 4c 23 1f 49 89 f2
0x00007fff88ef20dd:   45 23 53 18 49 c1 e2 04 4d 03 53 10 49 3b 32 75
0x00007fff88ef20ed:   04 41 ff 62 08 49 83 3a 00 74 6a 4d 3b 53 10 74 

Register to memory mapping:

RAX=0x00007fa663d9b2b0 is an unknown value
RBX=0x00007fff55a1a858 is pointing into the stack for thread: 0x00007fa664118800
RCX=0x0000000000000000 is an unknown value
RDX=0x00007fa663d997d0 is an unknown value
RSP=0x00007fff55a1a678 is pointing into the stack for thread: 0x00007fa664118800
RBP=0x00007fff55a1a680 is pointing into the stack for thread: 0x00007fa664118800
RSI=0x00007fff848962b4: -[NSTitlebarContainerView shouldRoundCorners]+0x5ced6 in /System/Library/Frameworks/AppKit.framework/Versions/C/AppKit at 0x00007fff83ec5000
RDI=0x00007fa663d9b2b0 is an unknown value
R8 =0x00007fff55a1a660 is pointing into the stack for thread: 0x00007fa664118800
R9 =0x0000000000000054 is an unknown value
R10=0x00007fff848962b4: -[NSTitlebarContainerView shouldRoundCorners]+0x5ced6 in /System/Library/Frameworks/AppKit.framework/Versions/C/AppKit at 0x00007fff83ec5000
R11=0x0000000000000000 is an unknown value
R12=0x00007fa663d34550 is an unknown value
R13=0x00000000000f42e7 is an unknown value
R14=0x00007fa663dda1f0 is an unknown value
R15=0x00007fff55a1a7b8 is pointing into the stack for thread: 0x00007fa664118800


Stack: [0x00007fff5521f000,0x00007fff55a1f000],  sp=0x00007fff55a1a678,  free space=8173k
Native frames: (J=compiled Java code, j=interpreted, Vv=VM code, C=native code)
C  [libobjc.A.dylib+0x10dd]  objc_msgSend+0x1d
C  [CoreFoundation+0x10244]  _CFXNotificationPost+0xc44
C  [Foundation+0x2c31]  -[NSNotificationCenter postNotificationName:object:userInfo:]+0x42
C  [AppKit+0xdd776]  -[NSSurface _disposeSurface]+0x98
C  [AppKit+0xdd1da]  -[NSSurface setWindow:]+0x42
C  [AppKit+0x3b9ef]  -[NSView _setWindow:]+0xa22
C  [AppKit+0x3cc22]  -[NSView removeFromSuperview]+0x1c5
C  [AppKit+0x9140a]  -[NSView removeFromSuperviewWithoutNeedingDisplay]+0x26
C  [liblwjgl.dylib+0xa205]  +[MacOSXKeyableWindow destroyWindow]+0xb5
C  [Foundation+0x65cdc]  __NSThreadPerformPerform+0x125
C  [CoreFoundation+0x80681]  __CFRUNLOOP_IS_CALLING_OUT_TO_A_SOURCE0_PERFORM_FUNCTION__+0x11
C  [CoreFoundation+0x7280d]  __CFRunLoopDoSources0+0x10d
C  [CoreFoundation+0x71e3f]  __CFRunLoopRun+0x39f
C  [CoreFoundation+0x71858]  CFRunLoopRunSpecific+0x128
C  [HIToolbox+0x2eaef]  RunCurrentEventLoopInMode+0xeb
C  [HIToolbox+0x2e86a]  ReceiveNextEventCommon+0x1af
C  [HIToolbox+0x2e6ab]  _BlockUntilNextEventMatchingListInModeWithFilter+0x47
C  [AppKit+0x23f81]  _DPSNextEvent+0x3c4
C  [AppKit+0x23730]  -[NSApplication nextEventMatchingMask:untilDate:inMode:dequeue:]+0xc2
C  [libosxapp.dylib+0x242a]  -[NSApplicationAWT nextEventMatchingMask:untilDate:inMode:dequeue:]+0x7c
C  [AppKit+0x17593]  -[NSApplication run]+0x252
C  [libosxapp.dylib+0x223e]  +[NSApplicationAWT runAWTLoopWithApp:]+0x9c
C  [libawt_lwawt.dylib+0x447d7]  -[AWTStarter starter:]+0x389
C  [Foundation+0x65cdc]  __NSThreadPerformPerform+0x125
C  [CoreFoundation+0x80681]  __CFRUNLOOP_IS_CALLING_OUT_TO_A_SOURCE0_PERFORM_FUNCTION__+0x11
C  [CoreFoundation+0x7280d]  __CFRunLoopDoSources0+0x10d
C  [CoreFoundation+0x71e3f]  __CFRunLoopRun+0x39f
C  [CoreFoundation+0x71858]  CFRunLoopRunSpecific+0x128
C  [java+0x65f4]  CreateExecutionEnvironment+0x367
C  [java+0x23ec]  JLI_Launch+0x7a0
C  [java+0x85b2]  main+0x65
C  [java+0x1c44]  start+0x34
C  0x0000000000000006


---------------  P R O C E S S  ---------------

Java Threads: ( => current thread )
  0x00007fa6658c3000 JavaThread "AWT-Shutdown" [_thread_blocked, id=28935, stack(0x0000000129d7e000,0x0000000129e7e000)]
=>0x00007fa664118800 JavaThread "AppKit Thread" daemon [_thread_in_native, id=1811, stack(0x00007fff5521f000,0x00007fff55a1f000)]
  0x00007fa6658ab000 JavaThread "Service Thread" daemon [_thread_blocked, id=18179, stack(0x0000000128350000,0x0000000128450000)]
  0x00007fa664056000 JavaThread "C1 CompilerThread2" daemon [_thread_blocked, id=17667, stack(0x000000012824d000,0x000000012834d000)]
  0x00007fa664055000 JavaThread "C2 CompilerThread1" daemon [_thread_blocked, id=17155, stack(0x000000012814a000,0x000000012824a000)]
  0x00007fa664053800 JavaThread "C2 CompilerThread0" daemon [_thread_blocked, id=16643, stack(0x0000000128047000,0x0000000128147000)]
  0x00007fa664032000 JavaThread "Signal Dispatcher" daemon [_thread_blocked, id=13335, stack(0x0000000127f44000,0x0000000128044000)]
  0x00007fa66482f000 JavaThread "Finalizer" daemon [_thread_blocked, id=11523, stack(0x00000001265f4000,0x00000001266f4000)]
  0x00007fa664007000 JavaThread "Reference Handler" daemon [_thread_blocked, id=11011, stack(0x00000001264f1000,0x00000001265f1000)]
  0x00007fa664807800 JavaThread "main" [_thread_in_native, id=4867, stack(0x000000010a2f8000,0x000000010a3f8000)]

Other Threads:
  0x00007fa66482e800 VMThread [stack: 0x00000001263ee000,0x00000001264ee000] [id=10499]
  0x00007fa6658ac000 WatcherThread [stack: 0x0000000128453000,0x0000000128553000] [id=18691]

VM state:not at safepoint (normal execution)

VM Mutex/Monitor currently owned by a thread: None

Heap:
 PSYoungGen      total 76288K, used 44155K [0x000000076ab00000, 0x0000000770000000, 0x00000007c0000000)
  eden space 65536K, 67% used [0x000000076ab00000,0x000000076d61ee50,0x000000076eb00000)
  from space 10752K, 0% used [0x000000076f580000,0x000000076f580000,0x0000000770000000)
  to   space 10752K, 0% used [0x000000076eb00000,0x000000076eb00000,0x000000076f580000)
 ParOldGen       total 175104K, used 0K [0x00000006c0000000, 0x00000006cab00000, 0x000000076ab00000)
  object space 175104K, 0% used [0x00000006c0000000,0x00000006c0000000,0x00000006cab00000)
 Metaspace       used 7490K, capacity 7587K, committed 7808K, reserved 1056768K
  class space    used 761K, capacity 808K, committed 896K, reserved 1048576K

Card table byte_map: [0x000000011af6c000,0x000000011b76d000] byte_map_base: 0x000000011796c000

Marking Bits: (ParMarkBitMap*) 0x000000010b4b9420
 Begin Bits: [0x000000011c0cf000, 0x00000001200cf000)
 End Bits:   [0x00000001200cf000, 0x00000001240cf000)

Polling page: 0x000000010a3fa000

CodeCache: size=245760Kb used=2422Kb max_used=2422Kb free=243337Kb
 bounds [0x000000010bbac000, 0x000000010be1c000, 0x000000011abac000]
 total_blobs=1023 nmethods=592 adapters=345
 compilation: enabled

Compilation events (10 events):
Event: 2.015 Thread 0x00007fa664056000  588       3       java.util.ArrayDeque::pollFirst (42 bytes)
Event: 2.016 Thread 0x00007fa664056000 nmethod 588 0x000000010be07c10 code [0x000000010be07d80, 0x000000010be080b0]
Event: 2.016 Thread 0x00007fa664056000  589       3       java.util.LinkedHashMap$LinkedHashIterator::hasNext (13 bytes)
Event: 2.016 Thread 0x00007fa664056000 nmethod 589 0x000000010be07890 code [0x000000010be07a00, 0x000000010be07bb0]
Event: 2.016 Thread 0x00007fa664056000  590       3       org.lwjgl.opengl.GLContext::getCapabilities (20 bytes)
Event: 2.017 Thread 0x00007fa664056000 nmethod 590 0x000000010be09f10 code [0x000000010be0a0c0, 0x000000010be0a5b8]
Event: 2.048 Thread 0x00007fa664056000  591       1       org.dyn4j.collision.AbstractCollidable::getTransform (5 bytes)
Event: 2.049 Thread 0x00007fa664056000 nmethod 591 0x000000010be075d0 code [0x000000010be07720, 0x000000010be07830]
Event: 2.049 Thread 0x00007fa664056000  592       3       java.util.LinkedHashMap$LinkedHashIterator::nextNode (54 bytes)
Event: 2.050 Thread 0x00007fa664056000 nmethod 592 0x000000010be0a750 code [0x000000010be0a8e0, 0x000000010be0abf8]

GC Heap History (0 events):
No events

Deoptimization events (2 events):
Event: 0.740 Thread 0x00007fa664807800 Uncommon trap: reason=unstable_if action=reinterpret pc=0x000000010bd60814 method=java.lang.String.lastIndexOf([CII[CIII)I @ 66
Event: 1.696 Thread 0x00007fa664807800 Uncommon trap: reason=unstable_if action=reinterpret pc=0x000000010be02e4c method=org.newdawn.slick.opengl.PNGDecoder.readChunk([BII)I @ 5

Internal exceptions (10 events):
Event: 0.223 Thread 0x00007fa664807800 Exception <a 'java/util/zip/ZipException'> (0x000000076afc5fc0) thrown at [/HUDSON3/workspace/8-2-build-macosx-x86_64/jdk8u40/1901.nc/hotspot/src/share/vm/prims/jni.cpp, line 709]
Event: 0.223 Thread 0x00007fa664807800 Exception <a 'java/security/PrivilegedActionException'> (0x000000076afc6170) thrown at [/HUDSON3/workspace/8-2-build-macosx-x86_64/jdk8u40/1901.nc/hotspot/src/share/vm/prims/jvm.cpp, line 1325]
Event: 0.223 Thread 0x00007fa664807800 Exception <a 'java/security/PrivilegedActionException'> (0x000000076afc6328) thrown at [/HUDSON3/workspace/8-2-build-macosx-x86_64/jdk8u40/1901.nc/hotspot/src/share/vm/prims/jvm.cpp, line 1325]
Event: 0.298 Thread 0x00007fa664807800 Exception <a 'java/security/PrivilegedActionException'> (0x000000076b18dbd0) thrown at [/HUDSON3/workspace/8-2-build-macosx-x86_64/jdk8u40/1901.nc/hotspot/src/share/vm/prims/jvm.cpp, line 1325]
Event: 0.298 Thread 0x00007fa664807800 Exception <a 'java/security/PrivilegedActionException'> (0x000000076b18dd88) thrown at [/HUDSON3/workspace/8-2-build-macosx-x86_64/jdk8u40/1901.nc/hotspot/src/share/vm/prims/jvm.cpp, line 1325]
Event: 0.299 Thread 0x00007fa664807800 Exception <a 'java/security/PrivilegedActionException'> (0x000000076b191108) thrown at [/HUDSON3/workspace/8-2-build-macosx-x86_64/jdk8u40/1901.nc/hotspot/src/share/vm/prims/jvm.cpp, line 1325]
Event: 0.299 Thread 0x00007fa664807800 Exception <a 'java/security/PrivilegedActionException'> (0x000000076b1912c0) thrown at [/HUDSON3/workspace/8-2-build-macosx-x86_64/jdk8u40/1901.nc/hotspot/src/share/vm/prims/jvm.cpp, line 1325]
Event: 0.636 Thread 0x00007fa664807800 Exception <a 'java/io/FileNotFoundException'> (0x000000076b196560) thrown at [/HUDSON3/workspace/8-2-build-macosx-x86_64/jdk8u40/1901.nc/hotspot/src/share/vm/prims/jni.cpp, line 709]
Event: 0.636 Thread 0x00007fa664807800 Exception <a 'java/io/FileNotFoundException'> (0x000000076b197058) thrown at [/HUDSON3/workspace/8-2-build-macosx-x86_64/jdk8u40/1901.nc/hotspot/src/share/vm/prims/jni.cpp, line 709]
Event: 1.015 Thread 0x00007fa664807800 Exception <a 'java/lang/NoClassDefFoundError': net/java/games/input/ControllerEnvironment> (0x000000076b891b08) thrown at [/HUDSON3/workspace/8-2-build-macosx-x86_64/jdk8u40/1901.nc/hotspot/src/share/vm/classfile/systemDictionary.cpp, line 200]

Events (10 events):
Event: 1.865 loading class org/dyn4j/dynamics/CollisionListener
Event: 1.865 loading class org/dyn4j/dynamics/CollisionListener done
Event: 1.866 loading class org/dyn4j/dynamics/DetectBroadphaseFilter
Event: 1.866 loading class org/dyn4j/dynamics/DetectBroadphaseFilter done
Event: 1.866 loading class org/dyn4j/geometry/Interval
Event: 1.866 loading class org/dyn4j/geometry/Interval done
Event: 1.867 loading class org/dyn4j/dynamics/TimeOfImpactListener
Event: 1.867 loading class org/dyn4j/dynamics/TimeOfImpactListener done
Event: 2.094 loading class org/lwjgl/opengl/CallbackUtil
Event: 2.094 loading class org/lwjgl/opengl/CallbackUtil done


Dynamic libraries:
0x0000000000ef9000 	/System/Library/Frameworks/Cocoa.framework/Versions/A/Cocoa
0x0000000000ef9000 	/System/Library/Frameworks/Security.framework/Versions/A/Security
0x0000000000ef9000 	/System/Library/Frameworks/ApplicationServices.framework/Versions/A/ApplicationServices
0x0000000000ef9000 	/usr/lib/libz.1.dylib
0x0000000000ef9000 	/usr/lib/libSystem.B.dylib
0x0000000000ef9000 	/usr/lib/libobjc.A.dylib
0x0000000000ef9000 	/System/Library/Frameworks/CoreFoundation.framework/Versions/A/CoreFoundation
0x0000000000ef9000 	/System/Library/Frameworks/Foundation.framework/Versions/C/Foundation
0x0000000000ef9000 	/System/Library/Frameworks/AppKit.framework/Versions/C/AppKit
0x0000000000ef9000 	/System/Library/Frameworks/CoreData.framework/Versions/A/CoreData
0x0000000000ef9000 	/System/Library/PrivateFrameworks/RemoteViewServices.framework/Versions/A/RemoteViewServices
0x0000000000ef9000 	/System/Library/PrivateFrameworks/UIFoundation.framework/Versions/A/UIFoundation
0x0000000000ef9000 	/System/Library/Frameworks/IOSurface.framework/Versions/A/IOSurface
0x0000000000ef9000 	/System/Library/Frameworks/AudioToolbox.framework/Versions/A/AudioToolbox
0x0000000000ef9000 	/System/Library/Frameworks/AudioUnit.framework/Versions/A/AudioUnit
0x0000000000ef9000 	/System/Library/PrivateFrameworks/DataDetectorsCore.framework/Versions/A/DataDetectorsCore
0x0000000000ef9000 	/System/Library/PrivateFrameworks/DesktopServicesPriv.framework/Versions/A/DesktopServicesPriv
0x0000000000ef9000 	/System/Library/Frameworks/Carbon.framework/Versions/A/Frameworks/HIToolbox.framework/Versions/A/HIToolbox
0x0000000000ef9000 	/System/Library/Frameworks/QuartzCore.framework/Versions/A/QuartzCore
0x0000000000ef9000 	/System/Library/Frameworks/Carbon.framework/Versions/A/Frameworks/SpeechRecognition.framework/Versions/A/SpeechRecognition
0x0000000000ef9000 	/usr/lib/libauto.dylib
0x0000000000ef9000 	/usr/lib/libicucore.A.dylib
0x0000000000ef9000 	/usr/lib/libxml2.2.dylib
0x0000000000ef9000 	/System/Library/PrivateFrameworks/CoreUI.framework/Versions/A/CoreUI
0x0000000000ef9000 	/System/Library/Frameworks/CoreAudio.framework/Versions/A/CoreAudio
0x0000000000ef9000 	/System/Library/Frameworks/DiskArbitration.framework/Versions/A/DiskArbitration
0x0000000000ef9000 	/usr/lib/liblangid.dylib
0x0000000000ef9000 	/System/Library/PrivateFrameworks/MultitouchSupport.framework/Versions/A/MultitouchSupport
0x0000000000ef9000 	/System/Library/Frameworks/IOKit.framework/Versions/A/IOKit
0x0000000000ef9000 	/usr/lib/libDiagnosticMessagesClient.dylib
0x0000000000ef9000 	/System/Library/Frameworks/CoreServices.framework/Versions/A/CoreServices
0x0000000000ef9000 	/System/Library/PrivateFrameworks/PerformanceAnalysis.framework/Versions/A/PerformanceAnalysis
0x0000000000ef9000 	/System/Library/PrivateFrameworks/GenerationalStorage.framework/Versions/A/GenerationalStorage
0x0000000000ef9000 	/System/Library/Frameworks/OpenGL.framework/Versions/A/OpenGL
0x0000000000ef9000 	/System/Library/PrivateFrameworks/Sharing.framework/Versions/A/Sharing
0x0000000000ef9000 	/System/Library/Frameworks/CoreGraphics.framework/Versions/A/CoreGraphics
0x0000000000ef9000 	/System/Library/Frameworks/CoreText.framework/Versions/A/CoreText
0x0000000000ef9000 	/System/Library/Frameworks/ImageIO.framework/Versions/A/ImageIO
0x0000000000ef9000 	/usr/lib/libextension.dylib
0x0000000000ef9000 	/System/Library/PrivateFrameworks/Backup.framework/Versions/A/Backup
0x0000000000ef9000 	/usr/lib/libarchive.2.dylib
0x0000000000ef9000 	/System/Library/Frameworks/CFNetwork.framework/Versions/A/CFNetwork
0x0000000000ef9000 	/System/Library/Frameworks/SystemConfiguration.framework/Versions/A/SystemConfiguration
0x0000000000ef9000 	/usr/lib/libCRFSuite.dylib
0x0000000000ef9000 	/usr/lib/libc++.1.dylib
0x0000000000ef9000 	/usr/lib/libc++abi.dylib
0x0000000000ef9000 	/usr/lib/system/libcache.dylib
0x0000000000ef9000 	/usr/lib/system/libcommonCrypto.dylib
0x0000000000ef9000 	/usr/lib/system/libcompiler_rt.dylib
0x0000000000ef9000 	/usr/lib/system/libcopyfile.dylib
0x0000000000ef9000 	/usr/lib/system/libcorecrypto.dylib
0x0000000000ef9000 	/usr/lib/system/libdispatch.dylib
0x0000000000ef9000 	/usr/lib/system/libdyld.dylib
0x0000000000ef9000 	/usr/lib/system/libkeymgr.dylib
0x0000000000ef9000 	/usr/lib/system/liblaunch.dylib
0x0000000000ef9000 	/usr/lib/system/libmacho.dylib
0x0000000000ef9000 	/usr/lib/system/libquarantine.dylib
0x0000000000ef9000 	/usr/lib/system/libremovefile.dylib
0x0000000000ef9000 	/usr/lib/system/libsystem_asl.dylib
0x0000000000ef9000 	/usr/lib/system/libsystem_blocks.dylib
0x0000000000ef9000 	/usr/lib/system/libsystem_c.dylib
0x0000000000ef9000 	/usr/lib/system/libsystem_configuration.dylib
0x0000000000ef9000 	/usr/lib/system/libsystem_coreservices.dylib
0x0000000000ef9000 	/usr/lib/system/libsystem_coretls.dylib
0x0000000000ef9000 	/usr/lib/system/libsystem_dnssd.dylib
0x0000000000ef9000 	/usr/lib/system/libsystem_info.dylib
0x0000000000ef9000 	/usr/lib/system/libsystem_kernel.dylib
0x0000000000ef9000 	/usr/lib/system/libsystem_m.dylib
0x0000000000ef9000 	/usr/lib/system/libsystem_malloc.dylib
0x0000000000ef9000 	/usr/lib/system/libsystem_network.dylib
0x0000000000ef9000 	/usr/lib/system/libsystem_networkextension.dylib
0x0000000000ef9000 	/usr/lib/system/libsystem_notify.dylib
0x0000000000ef9000 	/usr/lib/system/libsystem_platform.dylib
0x0000000000ef9000 	/usr/lib/system/libsystem_pthread.dylib
0x0000000000ef9000 	/usr/lib/system/libsystem_sandbox.dylib
0x0000000000ef9000 	/usr/lib/system/libsystem_secinit.dylib
0x0000000000ef9000 	/usr/lib/system/libsystem_stats.dylib
0x0000000000ef9000 	/usr/lib/system/libsystem_trace.dylib
0x0000000000ef9000 	/usr/lib/system/libunc.dylib
0x0000000000ef9000 	/usr/lib/system/libunwind.dylib
0x0000000000ef9000 	/usr/lib/system/libxpc.dylib
0x0000000000ef9000 	/usr/lib/libbz2.1.0.dylib
0x0000000000ef9000 	/usr/lib/liblzma.5.dylib
0x0000000000ef9000 	/usr/lib/libbsm.0.dylib
0x0000000000ef9000 	/usr/lib/libsqlite3.dylib
0x0000000000ef9000 	/usr/lib/system/libkxld.dylib
0x0000000000ef9000 	/usr/lib/libxar.1.dylib
0x0000000000ef9000 	/usr/lib/libpam.2.dylib
0x0000000000ef9000 	/usr/lib/libOpenScriptingUtil.dylib
0x0000000000ef9000 	/System/Library/Frameworks/CoreServices.framework/Versions/A/Frameworks/FSEvents.framework/Versions/A/FSEvents
0x0000000000ef9000 	/System/Library/Frameworks/CoreServices.framework/Versions/A/Frameworks/CarbonCore.framework/Versions/A/CarbonCore
0x0000000000ef9000 	/System/Library/Frameworks/CoreServices.framework/Versions/A/Frameworks/Metadata.framework/Versions/A/Metadata
0x0000000000ef9000 	/System/Library/Frameworks/CoreServices.framework/Versions/A/Frameworks/OSServices.framework/Versions/A/OSServices
0x0000000000ef9000 	/System/Library/Frameworks/CoreServices.framework/Versions/A/Frameworks/SearchKit.framework/Versions/A/SearchKit
0x0000000000ef9000 	/System/Library/Frameworks/CoreServices.framework/Versions/A/Frameworks/AE.framework/Versions/A/AE
0x0000000000ef9000 	/System/Library/Frameworks/CoreServices.framework/Versions/A/Frameworks/LaunchServices.framework/Versions/A/LaunchServices
0x0000000000ef9000 	/System/Library/Frameworks/CoreServices.framework/Versions/A/Frameworks/DictionaryServices.framework/Versions/A/DictionaryServices
0x0000000000ef9000 	/System/Library/Frameworks/NetFS.framework/Versions/A/NetFS
0x0000000000ef9000 	/System/Library/PrivateFrameworks/NetAuth.framework/Versions/A/NetAuth
0x0000000000ef9000 	/System/Library/PrivateFrameworks/login.framework/Versions/A/Frameworks/loginsupport.framework/Versions/A/loginsupport
0x0000000000ef9000 	/System/Library/PrivateFrameworks/TCC.framework/Versions/A/TCC
0x0000000000ef9000 	/usr/lib/libmecabra.dylib
0x0000000000ef9000 	/System/Library/Frameworks/ApplicationServices.framework/Versions/A/Frameworks/ATS.framework/Versions/A/ATS
0x0000000000ef9000 	/System/Library/Frameworks/ApplicationServices.framework/Versions/A/Frameworks/ColorSync.framework/Versions/A/ColorSync
0x0000000000ef9000 	/System/Library/Frameworks/ApplicationServices.framework/Versions/A/Frameworks/HIServices.framework/Versions/A/HIServices
0x0000000000ef9000 	/System/Library/Frameworks/ApplicationServices.framework/Versions/A/Frameworks/LangAnalysis.framework/Versions/A/LangAnalysis
0x0000000000ef9000 	/System/Library/Frameworks/ApplicationServices.framework/Versions/A/Frameworks/PrintCore.framework/Versions/A/PrintCore
0x0000000000ef9000 	/System/Library/Frameworks/ApplicationServices.framework/Versions/A/Frameworks/QD.framework/Versions/A/QD
0x0000000000ef9000 	/System/Library/Frameworks/ApplicationServices.framework/Versions/A/Frameworks/SpeechSynthesis.framework/Versions/A/SpeechSynthesis
0x0000000000ef9000 	/System/Library/Frameworks/Accelerate.framework/Versions/A/Accelerate
0x0000000000ef9000 	/System/Library/Frameworks/Accelerate.framework/Versions/A/Frameworks/vImage.framework/Versions/A/vImage
0x0000000000ef9000 	/System/Library/Frameworks/Accelerate.framework/Versions/A/Frameworks/vecLib.framework/Versions/A/vecLib
0x0000000000ef9000 	/System/Library/Frameworks/Accelerate.framework/Versions/A/Frameworks/vecLib.framework/Versions/A/libvDSP.dylib
0x0000000000ef9000 	/System/Library/Frameworks/Accelerate.framework/Versions/A/Frameworks/vecLib.framework/Versions/A/libvMisc.dylib
0x0000000000ef9000 	/System/Library/Frameworks/Accelerate.framework/Versions/A/Frameworks/vecLib.framework/Versions/A/libLAPACK.dylib
0x0000000000ef9000 	/System/Library/Frameworks/Accelerate.framework/Versions/A/Frameworks/vecLib.framework/Versions/A/libBLAS.dylib
0x0000000000ef9000 	/System/Library/Frameworks/Accelerate.framework/Versions/A/Frameworks/vecLib.framework/Versions/A/libLinearAlgebra.dylib
0x0000000000ef9000 	/System/Library/Frameworks/ApplicationServices.framework/Versions/A/Frameworks/ATS.framework/Versions/A/Resources/libFontParser.dylib
0x0000000000ef9000 	/System/Library/Frameworks/ApplicationServices.framework/Versions/A/Frameworks/ATS.framework/Versions/A/Resources/libFontRegistry.dylib
0x0000000000ef9000 	/System/Library/PrivateFrameworks/AppleVPA.framework/Versions/A/AppleVPA
0x0000000000ef9000 	/System/Library/PrivateFrameworks/AppleJPEG.framework/Versions/A/AppleJPEG
0x0000000000ef9000 	/System/Library/Frameworks/ImageIO.framework/Versions/A/Resources/libJPEG.dylib
0x0000000000ef9000 	/System/Library/Frameworks/ImageIO.framework/Versions/A/Resources/libTIFF.dylib
0x0000000000ef9000 	/System/Library/Frameworks/ImageIO.framework/Versions/A/Resources/libPng.dylib
0x0000000000ef9000 	/System/Library/Frameworks/ImageIO.framework/Versions/A/Resources/libGIF.dylib
0x0000000000ef9000 	/System/Library/Frameworks/ImageIO.framework/Versions/A/Resources/libJP2.dylib
0x0000000000ef9000 	/System/Library/Frameworks/ImageIO.framework/Versions/A/Resources/libRadiance.dylib
0x0000000000ef9000 	/System/Library/Frameworks/CoreVideo.framework/Versions/A/CoreVideo
0x0000000000ef9000 	/System/Library/Frameworks/OpenGL.framework/Versions/A/Libraries/libGLU.dylib
0x0000000000ef9000 	/System/Library/Frameworks/OpenGL.framework/Versions/A/Libraries/libGFXShared.dylib
0x0000000000ef9000 	/System/Library/Frameworks/OpenGL.framework/Versions/A/Libraries/libGL.dylib
0x0000000000ef9000 	/System/Library/Frameworks/OpenGL.framework/Versions/A/Libraries/libGLImage.dylib
0x0000000000ef9000 	/System/Library/Frameworks/OpenGL.framework/Versions/A/Libraries/libCVMSPluginSupport.dylib
0x0000000000ef9000 	/System/Library/Frameworks/OpenGL.framework/Versions/A/Libraries/libCoreVMClient.dylib
0x0000000000ef9000 	/usr/lib/libcups.2.dylib
0x0000000000ef9000 	/System/Library/Frameworks/Kerberos.framework/Versions/A/Kerberos
0x0000000000ef9000 	/System/Library/Frameworks/GSS.framework/Versions/A/GSS
0x0000000000ef9000 	/usr/lib/libresolv.9.dylib
0x0000000000ef9000 	/usr/lib/libiconv.2.dylib
0x0000000000ef9000 	/System/Library/PrivateFrameworks/Heimdal.framework/Versions/A/Heimdal
0x0000000000ef9000 	/usr/lib/libheimdal-asn1.dylib
0x0000000000ef9000 	/System/Library/Frameworks/OpenDirectory.framework/Versions/A/OpenDirectory
0x0000000000ef9000 	/System/Library/PrivateFrameworks/CommonAuth.framework/Versions/A/CommonAuth
0x0000000000ef9000 	/System/Library/Frameworks/OpenDirectory.framework/Versions/A/Frameworks/CFOpenDirectory.framework/Versions/A/CFOpenDirectory
0x0000000000ef9000 	/System/Library/Frameworks/SecurityFoundation.framework/Versions/A/SecurityFoundation
0x0000000000ef9000 	/System/Library/PrivateFrameworks/LanguageModeling.framework/Versions/A/LanguageModeling
0x0000000000ef9000 	/usr/lib/libcmph.dylib
0x0000000000ef9000 	/System/Library/Frameworks/ServiceManagement.framework/Versions/A/ServiceManagement
0x0000000000ef9000 	/usr/lib/libxslt.1.dylib
0x0000000000ef9000 	/System/Library/Frameworks/Carbon.framework/Versions/A/Frameworks/Ink.framework/Versions/A/Ink
0x0000000000ef9000 	/System/Library/Frameworks/QuartzCore.framework/Versions/A/Frameworks/CoreImage.framework/Versions/A/CoreImage
0x0000000000ef9000 	/System/Library/PrivateFrameworks/CrashReporterSupport.framework/Versions/A/CrashReporterSupport
0x0000000000ef9000 	/System/Library/Frameworks/OpenCL.framework/Versions/A/OpenCL
0x0000000000ef9000 	/System/Library/PrivateFrameworks/FaceCore.framework/Versions/A/FaceCore
0x0000000000ef9000 	/System/Library/PrivateFrameworks/Ubiquity.framework/Versions/A/Ubiquity
0x0000000000ef9000 	/System/Library/PrivateFrameworks/IconServices.framework/Versions/A/IconServices
0x0000000000ef9000 	/System/Library/PrivateFrameworks/ChunkingLibrary.framework/Versions/A/ChunkingLibrary
0x0000000000ef9000 	/System/Library/PrivateFrameworks/Apple80211.framework/Versions/A/Apple80211
0x0000000000ef9000 	/System/Library/Frameworks/CoreWLAN.framework/Versions/A/CoreWLAN
0x0000000000ef9000 	/System/Library/Frameworks/IOBluetooth.framework/Versions/A/IOBluetooth
0x0000000000ef9000 	/System/Library/PrivateFrameworks/CoreWiFi.framework/Versions/A/CoreWiFi
0x0000000000ef9000 	/System/Library/Frameworks/CoreBluetooth.framework/Versions/A/CoreBluetooth
0x0000000000ef9000 	/System/Library/PrivateFrameworks/DebugSymbols.framework/Versions/A/DebugSymbols
0x0000000000ef9000 	/System/Library/PrivateFrameworks/CoreSymbolication.framework/Versions/A/CoreSymbolication
0x0000000000ef9000 	/System/Library/PrivateFrameworks/Symbolication.framework/Versions/A/Symbolication
0x0000000000ef9000 	/System/Library/PrivateFrameworks/SpeechRecognitionCore.framework/Versions/A/SpeechRecognitionCore
0x000000010ac00000 	/Library/Java/JavaVirtualMachines/jdk1.8.0_40.jdk/Contents/Home/jre/lib/server/libjvm.dylib
0x0000000000ef9000 	/usr/lib/libstdc++.6.dylib
0x000000010bb59000 	/Library/Java/JavaVirtualMachines/jdk1.8.0_40.jdk/Contents/Home/jre/lib/libverify.dylib
0x000000010bb67000 	/Library/Java/JavaVirtualMachines/jdk1.8.0_40.jdk/Contents/Home/jre/lib/libjava.dylib
0x000000010bba3000 	/Library/Java/JavaVirtualMachines/jdk1.8.0_40.jdk/Contents/Home/jre/lib/libzip.dylib
0x00000001266f6000 	/System/Library/Frameworks/JavaVM.framework/Frameworks/JavaRuntimeSupport.framework/JavaRuntimeSupport
0x000000012670e000 	/System/Library/Frameworks/JavaVM.framework/Versions/A/Frameworks/JavaNativeFoundation.framework/Versions/A/JavaNativeFoundation
0x0000000126723000 	/System/Library/Frameworks/JavaVM.framework/Versions/A/JavaVM
0x0000000000ef9000 	/System/Library/Frameworks/Carbon.framework/Versions/A/Carbon
0x0000000126730000 	/System/Library/PrivateFrameworks/JavaLaunching.framework/Versions/A/JavaLaunching
0x0000000000ef9000 	/System/Library/Frameworks/Carbon.framework/Versions/A/Frameworks/CommonPanels.framework/Versions/A/CommonPanels
0x0000000000ef9000 	/System/Library/Frameworks/Carbon.framework/Versions/A/Frameworks/Help.framework/Versions/A/Help
0x0000000000ef9000 	/System/Library/Frameworks/Carbon.framework/Versions/A/Frameworks/ImageCapture.framework/Versions/A/ImageCapture
0x0000000000ef9000 	/System/Library/Frameworks/Carbon.framework/Versions/A/Frameworks/OpenScripting.framework/Versions/A/OpenScripting
0x0000000000ef9000 	/System/Library/Frameworks/Carbon.framework/Versions/A/Frameworks/Print.framework/Versions/A/Print
0x0000000000ef9000 	/System/Library/Frameworks/Carbon.framework/Versions/A/Frameworks/SecurityHI.framework/Versions/A/SecurityHI
0x00000001285c9000 	/Library/Java/JavaVirtualMachines/jdk1.8.0_40.jdk/Contents/Home/jre/lib/libawt.dylib
0x0000000128671000 	/Library/Java/JavaVirtualMachines/jdk1.8.0_40.jdk/Contents/Home/jre/lib/./libmlib_image.dylib
0x000000012873d000 	/Library/Java/JavaVirtualMachines/jdk1.8.0_40.jdk/Contents/Home/jre/lib/libawt_lwawt.dylib
0x00000001287f0000 	/Library/Java/JavaVirtualMachines/jdk1.8.0_40.jdk/Contents/Home/jre/lib/./libosxapp.dylib
0x0000000000ef9000 	/System/Library/Frameworks/ExceptionHandling.framework/Versions/A/ExceptionHandling
0x0000000000ef9000 	/System/Library/PrivateFrameworks/CoreServicesInternal.framework/Versions/A/CoreServicesInternal
0x0000000000ef9000 	/System/Library/PrivateFrameworks/CloudDocs.framework/Versions/A/CloudDocs
0x0000000000ef9000 	/System/Library/PrivateFrameworks/CoreDuet.framework/Versions/A/CoreDuet
0x0000000000ef9000 	/System/Library/Frameworks/CloudKit.framework/Versions/A/CloudKit
0x0000000000ef9000 	/System/Library/PrivateFrameworks/ProtocolBuffer.framework/Versions/A/ProtocolBuffer
0x0000000000ef9000 	/System/Library/PrivateFrameworks/CoreDuetDaemonProtocol.framework/Versions/A/CoreDuetDaemonProtocol
0x0000000000ef9000 	/System/Library/PrivateFrameworks/CoreDuetDebugLogging.framework/Versions/A/CoreDuetDebugLogging
0x0000000000ef9000 	/System/Library/Frameworks/CoreLocation.framework/Versions/A/CoreLocation
0x0000000000ef9000 	/System/Library/Frameworks/Accounts.framework/Versions/A/Accounts
0x0000000000ef9000 	/System/Library/PrivateFrameworks/ApplePushService.framework/Versions/A/ApplePushService
0x0000000000ef9000 	/System/Library/PrivateFrameworks/GeoServices.framework/Versions/A/GeoServices
0x0000000000ef9000 	/System/Library/PrivateFrameworks/OAuth.framework/Versions/A/OAuth
0x0000000000ef9000 	/System/Library/PrivateFrameworks/CoreDaemon.framework/Versions/B/CoreDaemon
0x0000000000ef9000 	/usr/lib/libcrypto.0.9.8.dylib
0x0000000000ef9000 	/System/Library/PrivateFrameworks/AppleSRP.framework/Versions/A/AppleSRP
0x0000000000ef9000 	/System/Library/PrivateFrameworks/TrustEvaluationAgent.framework/Versions/A/TrustEvaluationAgent
0x0000000000ef9000 	/System/Library/Frameworks/CoreGraphics.framework/Versions/A/Resources/libCGCMS.A.dylib
0x0000000000ef9000 	/System/Library/Frameworks/CoreGraphics.framework/Versions/A/Resources/libRIP.A.dylib
0x0000000000ef9000 	/System/Library/Frameworks/CoreGraphics.framework/Versions/A/Resources/libCGXType.A.dylib
0x0000000000ef9000 	/System/Library/Frameworks/OpenCL.framework/Versions/A/Libraries/libcldcpuengine.dylib
0x0000000000ef9000 	/System/Library/PrivateFrameworks/DiskImages.framework/Versions/A/DiskImages
0x0000000000ef9000 	/System/Library/Frameworks/DiscRecording.framework/Versions/A/DiscRecording
0x0000000000ef9000 	/usr/lib/libcsfde.dylib
0x0000000000ef9000 	/usr/lib/libcurl.4.dylib
0x0000000000ef9000 	/System/Library/PrivateFrameworks/MediaKit.framework/Versions/A/MediaKit
0x0000000000ef9000 	/System/Library/PrivateFrameworks/ProtectedCloudStorage.framework/Versions/A/ProtectedCloudStorage
0x0000000000ef9000 	/usr/lib/libCoreStorage.dylib
0x0000000000ef9000 	/System/Library/PrivateFrameworks/EFILogin.framework/Versions/A/EFILogin
0x0000000000ef9000 	/usr/lib/libutil.dylib
0x0000000000ef9000 	/System/Library/PrivateFrameworks/FindMyDevice.framework/Versions/A/FindMyDevice
0x0000000000ef9000 	/System/Library/Frameworks/LDAP.framework/Versions/A/LDAP
0x0000000000ef9000 	/usr/lib/libsasl2.2.dylib
0x000000012b520000 	cl_kernels
0x000000012b522000 	/System/Library/Frameworks/OpenCL.framework/Versions/A/Libraries/ImageFormats/unorm8_bgra.dylib
0x000000012b511000 	cl_kernels
0x0000000000ef9000 	/System/Library/PrivateFrameworks/FamilyControls.framework/Versions/A/FamilyControls
0x0000000000ef9000 	/System/Library/PrivateFrameworks/CommerceKit.framework/Versions/A/Frameworks/CommerceCore.framework/Versions/A/CommerceCore
0x0000000000ef9000 	/System/Library/PrivateFrameworks/SystemAdministration.framework/Versions/A/SystemAdministration
0x0000000000ef9000 	/System/Library/PrivateFrameworks/AppContainer.framework/Versions/A/AppContainer
0x0000000000ef9000 	/System/Library/PrivateFrameworks/SecCodeWrapper.framework/Versions/A/SecCodeWrapper
0x0000000000ef9000 	/System/Library/Frameworks/DirectoryService.framework/Versions/A/DirectoryService
0x0000000000ef9000 	/System/Library/PrivateFrameworks/LoginUIKit.framework/Versions/A/Frameworks/LoginUICore.framework/Versions/A/LoginUICore
0x0000000000ef9000 	/usr/lib/libodfde.dylib
0x000000012c768000 	/Library/Java/JavaVirtualMachines/jdk1.8.0_40.jdk/Contents/Home/jre/lib/libfontmanager.dylib
0x000000012c7cf000 	/Users/Phoenix/Desktop/GitHub/Slick2D/liblwjgl.dylib
0x000000012aa57000 	/Library/Java/JavaVirtualMachines/jdk1.8.0_40.jdk/Contents/Home/jre/lib/libjawt.dylib
0x0000000000ef9000 	/System/Library/Frameworks/OpenGL.framework/Versions/A/Resources/GLEngine.bundle/GLEngine
0x0000000000ef9000 	/System/Library/Frameworks/OpenGL.framework/Versions/A/Libraries/libGLProgrammability.dylib
0x0000000000000000 	/System/Library/Extensions/AppleIntelHD3000GraphicsGLDriver.bundle/Contents/MacOS/AppleIntelHD3000GraphicsGLDriver
0x000000012c85b000 	/System/Library/PrivateFrameworks/GPUSupport.framework/Versions/A/Libraries/libGPUSupport.dylib
0x0000000000ef9000 	/System/Library/Frameworks/OpenGL.framework/Versions/A/Resources/GLRendererFloat.bundle/GLRendererFloat

VM Arguments:
jvm_args: -Djava.library.path=/Users/Phoenix/Desktop/GitHub/Slick2D -Dfile.encoding=UTF-8 
java_command: com.phoenixkahlo.eclipse.Eclipse
java_class_path (initial): /Users/Phoenix/Desktop/GitHub/Room_Game/bin:/Users/Phoenix/Desktop/GitHub/Slick2D/lib/lwjgl.jar:/Users/Phoenix/Desktop/GitHub/Slick2D/lib/slick.jar:/Users/Phoenix/Desktop/GitHub/dyn4j/dyn4j-3.2.0.jar
Launcher Type: SUN_STANDARD

Environment Variables:
PATH=/usr/bin:/bin:/usr/sbin:/sbin
SHELL=/bin/bash
DISPLAY=/private/tmp/com.apple.launchd.6PH1xS3GyB/org.macosforge.xquartz:0

Signal Handlers:
SIGSEGV: [libjvm.dylib+0x58921b], sa_mask[0]=11111111011111110111111111111111, sa_flags=SA_ONSTACK|SA_RESTART|SA_SIGINFO
SIGBUS: [libjvm.dylib+0x58921b], sa_mask[0]=11111111011111110111111111111111, sa_flags=SA_RESTART|SA_SIGINFO
SIGFPE: [libjvm.dylib+0x466ad4], sa_mask[0]=11111111011111110111111111111111, sa_flags=SA_RESTART|SA_SIGINFO
SIGPIPE: [libjvm.dylib+0x466ad4], sa_mask[0]=11111111011111110111111111111111, sa_flags=SA_RESTART|SA_SIGINFO
SIGXFSZ: [libjvm.dylib+0x466ad4], sa_mask[0]=11111111011111110111111111111111, sa_flags=SA_RESTART|SA_SIGINFO
SIGILL: [libjvm.dylib+0x466ad4], sa_mask[0]=11111111011111110111111111111111, sa_flags=SA_RESTART|SA_SIGINFO
SIGUSR1: SIG_DFL, sa_mask[0]=00000000000000000000000000000000, sa_flags=none
SIGUSR2: [libjvm.dylib+0x4665f2], sa_mask[0]=00100000000000000000000000000000, sa_flags=SA_RESTART|SA_SIGINFO
SIGHUP: [libjvm.dylib+0x464bc5], sa_mask[0]=11111111011111110111111111111111, sa_flags=SA_RESTART|SA_SIGINFO
SIGINT: [libjvm.dylib+0x464bc5], sa_mask[0]=11111111011111110111111111111111, sa_flags=SA_RESTART|SA_SIGINFO
SIGTERM: [libjvm.dylib+0x464bc5], sa_mask[0]=11111111011111110111111111111111, sa_flags=SA_RESTART|SA_SIGINFO
SIGQUIT: [libjvm.dylib+0x464bc5], sa_mask[0]=11111111011111110111111111111111, sa_flags=SA_RESTART|SA_SIGINFO


---------------  S Y S T E M  ---------------

OS:Bsduname:Darwin 14.1.0 Darwin Kernel Version 14.1.0: Thu Feb 26 19:26:47 PST 2015; root:xnu-2782.10.73~1/RELEASE_X86_64 x86_64
rlimit: STACK 8192k, CORE 0k, NPROC 709, NOFILE 10240, AS infinity
load average:2.21 7.25 10.20

CPU:total 4 (2 cores per cpu, 2 threads per core) family 6 model 42 stepping 7, cmov, cx8, fxsr, mmx, sse, sse2, sse3, ssse3, sse4.1, sse4.2, popcnt, avx, aes, clmul, ht, tsc, tscinvbit

Memory: 4k page, physical 16777216k(2356256k free)

/proc/meminfo:


vm_info: Java HotSpot(TM) 64-Bit Server VM (25.40-b16) for bsd-amd64 JRE (1.8.0_40-ea-b12), built on Oct 28 2014 23:44:01 by "java_re" with gcc 4.2.1 (Based on Apple Inc. build 5658) (LLVM build 2336.11.00)

time: Tue Apr 26 13:34:30 2016
elapsed time: 2 seconds (0d 0h 0m 2s)

