#
# A fatal error has been detected by the Java Runtime Environment:
#
#  SIGSEGV (0xb) at pc=0x00007fff88ef20dd, pid=7548, tid=1811
#
# JRE version: Java(TM) SE Runtime Environment (8.0_40-b12) (build 1.8.0_40-ea-b12)
# Java VM: Java HotSpot(TM) 64-Bit Server VM (25.40-b16 mixed mode bsd-amd64 compressed oops)
# Problematic frame:
# C  [libobjc.A.dylib+0x10dd]  objc_msgSend+0x1d
#
# Failed to write core dump. Core dumps have been disabled. To enable core dumping, try "ulimit -c unlimited" before starting Java again
#
# If you would like to submit a bug report, please visit:
#   http://bugreport.sun.com/bugreport/crash.jsp
# The crash happened outside the Java Virtual Machine in native code.
# See problematic frame for where to report the bug.
#

---------------  T H R E A D  ---------------

Current thread (0x00007fc703913800):  JavaThread "AppKit Thread" daemon [_thread_in_native, id=1811, stack(0x00007fff5a5fd000,0x00007fff5adfd000)]

siginfo: si_signo: 11 (SIGSEGV), si_code: 1 (SEGV_MAPERR), si_addr: 0x000007fc701d9b18

Registers:
RAX=0x0000000000000000, RBX=0x00007fc701f763e0, RCX=0x0000000000000000, RDX=0x00007fc701f763e0
RSP=0x00007fff5adf7c08, RBP=0x00007fff5adf7c30, RSI=0x00007fff84896212, RDI=0x00007fc701d81300
R8 =0x0000000000000001, R9 =0x0000000000000001, R10=0x00007fff84896212, R11=0x000007fc701d9b00
R12=0x0000000000000094, R13=0x00007fc701c429a0, R14=0x00007fc701d81300, R15=0x00007fff5adf8120
RIP=0x00007fff88ef20dd, EFLAGS=0x0000000000010206, ERR=0x0000000000000004
  TRAPNO=0x000000000000000e

Top of Stack: (sp=0x00007fff5adf7c08)
0x00007fff5adf7c08:   00000001273f5598 00007fc701f763e0
0x00007fff5adf7c18:   0000000127429c60 00007fc701c429a0
0x00007fff5adf7c28:   00007fc701f763e0 00007fff5adf8110
0x00007fff5adf7c38:   00007fff840133c5 0000000000000000
0x00007fff5adf7c48:   0000000000000000 407f400000000000
0x00007fff5adf7c58:   407f400000000000 0000000000000000
0x00007fff5adf7c68:   0000000000000000 407f400000000000
0x00007fff5adf7c78:   407f400000000000 407f400000000000
0x00007fff5adf7c88:   4080500000000000 401c000000000000
0x00007fff5adf7c98:   407f700000000000 402c000000000000
0x00007fff5adf7ca8:   4030000000000000 401c000000000000
0x00007fff5adf7cb8:   0000000000000000 0000000000000000
0x00007fff5adf7cc8:   4030000000000000 00007fff8485a12a
0x00007fff5adf7cd8:   4008000000000000 00007fc701c3cec0
0x00007fff5adf7ce8:   0000000100000000 0000000000000000
0x00007fff5adf7cf8:   00007fc701f4f190 00007fff5adf7e50
0x00007fff5adf7d08:   00007fff840d92b6 00007fff5adf7e50
0x00007fff5adf7d18:   00007fff840d9da2 402c000000000000
0x00007fff5adf7d28:   4030000000000000 401c000000000000
0x00007fff5adf7d38:   407f700000000000 402c000000000000
0x00007fff5adf7d48:   4030000000000000 0000000000000000
0x00007fff5adf7d58:   0000000000000000 407f400000000000
0x00007fff5adf7d68:   4080500000000000 401c000000000000
0x00007fff5adf7d78:   407f700000000000 0000000104e22e00
0x00007fff5adf7d88:   00007fc701cd06a0 00000000000000b0
0x00007fff5adf7d98:   0000000000000002 0000000000000d06
0x00007fff5adf7da8:   0000000104e1e000 00007fff5adf7e50
0x00007fff5adf7db8:   00007fff8d99e4ff 0000000000000d06
0x00007fff5adf7dc8:   0000000104e1e000 00007fff5adf7e70
0x00007fff5adf7dd8:   0000000000000d07 00007fff5adf7edf
0x00007fff5adf7de8:   0000000000000400 00007fc701cfc080
0x00007fff5adf7df8:   00007fc701cd05f0 0000000000000022 

Instructions: (pc=0x00007fff88ef20dd)
0x00007fff88ef20bd:   00 00 00 48 85 ff 2e 74 7a 40 f6 c7 01 2e 75 7e
0x00007fff88ef20cd:   49 bb f8 ff ff ff ff 7f 00 00 4c 23 1f 49 89 f2
0x00007fff88ef20dd:   45 23 53 18 49 c1 e2 04 4d 03 53 10 49 3b 32 75
0x00007fff88ef20ed:   04 41 ff 62 08 49 83 3a 00 74 6a 4d 3b 53 10 74 

Register to memory mapping:

RAX=0x0000000000000000 is an unknown value
RBX=0x00007fc701f763e0 is an unknown value
RCX=0x0000000000000000 is an unknown value
RDX=0x00007fc701f763e0 is an unknown value
RSP=0x00007fff5adf7c08 is pointing into the stack for thread: 0x00007fc703913800
RBP=0x00007fff5adf7c30 is pointing into the stack for thread: 0x00007fc703913800
RSI=0x00007fff84896212: -[NSTitlebarContainerView shouldRoundCorners]+0x5ce34 in /System/Library/Frameworks/AppKit.framework/Versions/C/AppKit at 0x00007fff83ec5000
RDI=0x00007fc701d81300 is an unknown value
R8 =0x0000000000000001 is an unknown value
R9 =0x0000000000000001 is an unknown value
R10=0x00007fff84896212: -[NSTitlebarContainerView shouldRoundCorners]+0x5ce34 in /System/Library/Frameworks/AppKit.framework/Versions/C/AppKit at 0x00007fff83ec5000
R11=0x000007fc701d9b00 is an unknown value
R12=0x0000000000000094 is an unknown value
R13=0x00007fc701c429a0 is an unknown value
R14=0x00007fc701d81300 is an unknown value
R15=0x00007fff5adf8120 is pointing into the stack for thread: 0x00007fc703913800


Stack: [0x00007fff5a5fd000,0x00007fff5adfd000],  sp=0x00007fff5adf7c08,  free space=8171k
Native frames: (J=compiled Java code, j=interpreted, Vv=VM code, C=native code)
C  [libobjc.A.dylib+0x10dd]  objc_msgSend+0x1d
C  [AppKit+0x14e3c5]  -[NSView _recursiveDisplayRectIfNeededIgnoringOpacity:isVisibleRect:rectIsVisibleRectForView:topView:]+0x740
C  [AppKit+0x14f420]  -[NSView _recursiveDisplayRectIfNeededIgnoringOpacity:isVisibleRect:rectIsVisibleRectForView:topView:]+0x179b
C  [AppKit+0x14d773]  -[NSThemeFrame _recursiveDisplayRectIfNeededIgnoringOpacity:isVisibleRect:rectIsVisibleRectForView:topView:]+0x14d
C  [AppKit+0x14a2cb]  -[NSView _displayRectIgnoringOpacity:isVisibleRect:rectIsVisibleRectForView:]+0xac9
C  [AppKit+0x128e2d]  -[NSView displayIfNeeded]+0x754
C  [AppKit+0x1461c5]  -[NSWindow displayIfNeeded]+0xe8
C  [AppKit+0x183322]  _handleWindowNeedsDisplayOrLayoutOrUpdateConstraints+0x3a8
C  [AppKit+0x74c0e1]  __83-[NSWindow _postWindowNeedsDisplayOrLayoutOrUpdateConstraintsUnlessPostingDisabled]_block_invoke1531+0x2e
C  [CoreFoundation+0x7fda7]  __CFRUNLOOP_IS_CALLING_OUT_TO_AN_OBSERVER_CALLBACK_FUNCTION__+0x17
C  [CoreFoundation+0x7fd00]  __CFRunLoopDoObservers+0x170
C  [CoreFoundation+0x71e08]  __CFRunLoopRun+0x368
C  [CoreFoundation+0x71858]  CFRunLoopRunSpecific+0x128
C  [HIToolbox+0x2eaef]  RunCurrentEventLoopInMode+0xeb
C  [HIToolbox+0x2e76e]  ReceiveNextEventCommon+0xb3
C  [HIToolbox+0x2e6ab]  _BlockUntilNextEventMatchingListInModeWithFilter+0x47
C  [AppKit+0x23f81]  _DPSNextEvent+0x3c4
C  [AppKit+0x23730]  -[NSApplication nextEventMatchingMask:untilDate:inMode:dequeue:]+0xc2
C  [libosxapp.dylib+0x242a]  -[NSApplicationAWT nextEventMatchingMask:untilDate:inMode:dequeue:]+0x7c
C  [AppKit+0x17593]  -[NSApplication run]+0x252
C  [libosxapp.dylib+0x223e]  +[NSApplicationAWT runAWTLoopWithApp:]+0x9c
C  [libawt_lwawt.dylib+0x447d7]  -[AWTStarter starter:]+0x389
C  [Foundation+0x65cdc]  __NSThreadPerformPerform+0x125
C  [CoreFoundation+0x80681]  __CFRUNLOOP_IS_CALLING_OUT_TO_A_SOURCE0_PERFORM_FUNCTION__+0x11
C  [CoreFoundation+0x7280d]  __CFRunLoopDoSources0+0x10d
C  [CoreFoundation+0x71e3f]  __CFRunLoopRun+0x39f
C  [CoreFoundation+0x71858]  CFRunLoopRunSpecific+0x128
C  [java+0x65f4]  CreateExecutionEnvironment+0x367
C  [java+0x23ec]  JLI_Launch+0x7a0
C  [java+0x85b2]  main+0x65
C  [java+0x1c44]  start+0x34
C  0x0000000000000006


---------------  P R O C E S S  ---------------

Java Threads: ( => current thread )
  0x00007fc703a09000 JavaThread "AWT-Shutdown" [_thread_blocked, id=28939, stack(0x0000000127e35000,0x0000000127f35000)]
=>0x00007fc703913800 JavaThread "AppKit Thread" daemon [_thread_in_native, id=1811, stack(0x00007fff5a5fd000,0x00007fff5adfd000)]
  0x00007fc70287e000 JavaThread "Service Thread" daemon [_thread_blocked, id=17923, stack(0x0000000122eee000,0x0000000122fee000)]
  0x00007fc703006000 JavaThread "C1 CompilerThread2" daemon [_thread_blocked, id=17411, stack(0x0000000122deb000,0x0000000122eeb000)]
  0x00007fc70286a800 JavaThread "C2 CompilerThread1" daemon [_thread_blocked, id=16899, stack(0x0000000122ce8000,0x0000000122de8000)]
  0x00007fc702009800 JavaThread "C2 CompilerThread0" daemon [_thread_blocked, id=16155, stack(0x0000000122be5000,0x0000000122ce5000)]
  0x00007fc702005800 JavaThread "Signal Dispatcher" daemon [_thread_blocked, id=13579, stack(0x0000000122ae2000,0x0000000122be2000)]
  0x00007fc702857800 JavaThread "Finalizer" daemon [_thread_blocked, id=11523, stack(0x0000000121220000,0x0000000121320000)]
  0x00007fc702857000 JavaThread "Reference Handler" daemon [_thread_blocked, id=11011, stack(0x000000012111d000,0x000000012121d000)]
  0x00007fc702806800 JavaThread "main" [_thread_in_native, id=4867, stack(0x0000000105e6f000,0x0000000105f6f000)]

Other Threads:
  0x00007fc702854800 VMThread [stack: 0x000000012101a000,0x000000012111a000] [id=10499]
  0x00007fc702006800 WatcherThread [stack: 0x0000000122ff1000,0x00000001230f1000] [id=18435]

VM state:not at safepoint (normal execution)

VM Mutex/Monitor currently owned by a thread: None

Heap:
 PSYoungGen      total 76288K, used 13435K [0x000000076ab00000, 0x0000000770000000, 0x00000007c0000000)
  eden space 65536K, 20% used [0x000000076ab00000,0x000000076b81ed70,0x000000076eb00000)
  from space 10752K, 0% used [0x000000076f580000,0x000000076f580000,0x0000000770000000)
  to   space 10752K, 0% used [0x000000076eb00000,0x000000076eb00000,0x000000076f580000)
 ParOldGen       total 175104K, used 0K [0x00000006c0000000, 0x00000006cab00000, 0x000000076ab00000)
  object space 175104K, 0% used [0x00000006c0000000,0x00000006c0000000,0x00000006cab00000)
 Metaspace       used 6671K, capacity 6787K, committed 6912K, reserved 1056768K
  class space    used 658K, capacity 712K, committed 768K, reserved 1048576K

Card table byte_map: [0x0000000115bc0000,0x00000001163c1000] byte_map_base: 0x00000001125c0000

Marking Bits: (ParMarkBitMap*) 0x00000001057bb420
 Begin Bits: [0x0000000116d23000, 0x000000011ad23000)
 End Bits:   [0x000000011ad23000, 0x000000011ed23000)

Polling page: 0x0000000105fb7000

CodeCache: size=245760Kb used=2742Kb max_used=2753Kb free=243017Kb
 bounds [0x0000000106800000, 0x0000000106ac0000, 0x0000000115800000]
 total_blobs=1047 nmethods=663 adapters=298
 compilation: enabled

Compilation events (10 events):
Event: 4.124 Thread 0x00007fc703006000  658       3       org.lwjgl.opengl.GL11::glBegin (19 bytes)
Event: 4.126 Thread 0x00007fc703006000 nmethod 658 0x0000000106aac010 code [0x0000000106aac200, 0x0000000106aac8d8]
Event: 4.126 Thread 0x00007fc703006000  659       3       org.newdawn.slick.opengl.renderer.ImmediateModeOGLRenderer::glEnd (4 bytes)
Event: 4.127 Thread 0x00007fc703006000 nmethod 659 0x0000000106aaccd0 code [0x0000000106aacec0, 0x0000000106aad5f8]
Event: 4.127 Thread 0x00007fc703006000  660       3       org.lwjgl.opengl.GL11::glEnd (18 bytes)
Event: 4.128 Thread 0x00007fc703006000 nmethod 660 0x0000000106aada90 code [0x0000000106aadc80, 0x0000000106aae338]
Event: 4.220 Thread 0x00007fc70286a800  661       4       java.util.HashMap$HashIterator::<init> (79 bytes)
Event: 4.229 Thread 0x00007fc70286a800 nmethod 661 0x0000000106aa9410 code [0x0000000106aa9560, 0x0000000106aa9858]
Event: 4.793 Thread 0x00007fc702009800  662       4       java.nio.DirectIntBufferU::get (16 bytes)
Event: 4.794 Thread 0x00007fc702009800 nmethod 662 0x0000000106aa9150 code [0x0000000106aa92a0, 0x0000000106aa9358]

GC Heap History (0 events):
No events

Deoptimization events (0 events):
No events

Internal exceptions (10 events):
Event: 0.245 Thread 0x00007fc702806800 Exception <a 'java/util/zip/ZipException'> (0x000000076afc6918) thrown at [/HUDSON3/workspace/8-2-build-macosx-x86_64/jdk8u40/1901.nc/hotspot/src/share/vm/prims/jni.cpp, line 709]
Event: 0.245 Thread 0x00007fc702806800 Exception <a 'java/security/PrivilegedActionException'> (0x000000076afc6ac8) thrown at [/HUDSON3/workspace/8-2-build-macosx-x86_64/jdk8u40/1901.nc/hotspot/src/share/vm/prims/jvm.cpp, line 1325]
Event: 0.245 Thread 0x00007fc702806800 Exception <a 'java/security/PrivilegedActionException'> (0x000000076afc6c80) thrown at [/HUDSON3/workspace/8-2-build-macosx-x86_64/jdk8u40/1901.nc/hotspot/src/share/vm/prims/jvm.cpp, line 1325]
Event: 0.302 Thread 0x00007fc702806800 Exception <a 'java/security/PrivilegedActionException'> (0x000000076b100ec0) thrown at [/HUDSON3/workspace/8-2-build-macosx-x86_64/jdk8u40/1901.nc/hotspot/src/share/vm/prims/jvm.cpp, line 1325]
Event: 0.302 Thread 0x00007fc702806800 Exception <a 'java/security/PrivilegedActionException'> (0x000000076b101078) thrown at [/HUDSON3/workspace/8-2-build-macosx-x86_64/jdk8u40/1901.nc/hotspot/src/share/vm/prims/jvm.cpp, line 1325]
Event: 0.302 Thread 0x00007fc702806800 Exception <a 'java/security/PrivilegedActionException'> (0x000000076b1043f8) thrown at [/HUDSON3/workspace/8-2-build-macosx-x86_64/jdk8u40/1901.nc/hotspot/src/share/vm/prims/jvm.cpp, line 1325]
Event: 0.302 Thread 0x00007fc702806800 Exception <a 'java/security/PrivilegedActionException'> (0x000000076b1045b0) thrown at [/HUDSON3/workspace/8-2-build-macosx-x86_64/jdk8u40/1901.nc/hotspot/src/share/vm/prims/jvm.cpp, line 1325]
Event: 0.482 Thread 0x00007fc702806800 Exception <a 'java/io/FileNotFoundException'> (0x000000076b109850) thrown at [/HUDSON3/workspace/8-2-build-macosx-x86_64/jdk8u40/1901.nc/hotspot/src/share/vm/prims/jni.cpp, line 709]
Event: 0.482 Thread 0x00007fc702806800 Exception <a 'java/io/FileNotFoundException'> (0x000000076b10a348) thrown at [/HUDSON3/workspace/8-2-build-macosx-x86_64/jdk8u40/1901.nc/hotspot/src/share/vm/prims/jni.cpp, line 709]
Event: 0.781 Thread 0x00007fc702806800 Exception <a 'java/lang/NoClassDefFoundError': net/java/games/input/ControllerEnvironment> (0x000000076b639c60) thrown at [/HUDSON3/workspace/8-2-build-macosx-x86_64/jdk8u40/1901.nc/hotspot/src/share/vm/classfile/systemDictionary.cpp, line 200]

Events (10 events):
Event: 3.355 loading class java/util/IdentityHashMap$ValueIterator
Event: 3.355 loading class java/util/IdentityHashMap$IdentityHashMapIterator
Event: 3.355 loading class java/util/IdentityHashMap$IdentityHashMapIterator done
Event: 3.355 loading class java/util/IdentityHashMap$ValueIterator done
Event: 3.355 Thread 0x00007fc70299d000 Thread exited: 0x00007fc70299d000
Event: 4.233 Executing VM operation: EnableBiasedLocking
Event: 4.233 Executing VM operation: EnableBiasedLocking done
Event: 5.436 Thread 0x00007fc703a09000 Thread added: 0x00007fc703a09000
Event: 6.223 loading class org/lwjgl/opengl/CallbackUtil
Event: 6.223 loading class org/lwjgl/opengl/CallbackUtil done


Dynamic libraries:
0x0000000000ef9000 	/System/Library/Frameworks/Cocoa.framework/Versions/A/Cocoa
0x0000000000ef9000 	/System/Library/Frameworks/Security.framework/Versions/A/Security
0x0000000000ef9000 	/System/Library/Frameworks/ApplicationServices.framework/Versions/A/ApplicationServices
0x0000000000ef9000 	/usr/lib/libz.1.dylib
0x0000000000ef9000 	/usr/lib/libSystem.B.dylib
0x0000000000ef9000 	/usr/lib/libobjc.A.dylib
0x0000000000ef9000 	/System/Library/Frameworks/CoreFoundation.framework/Versions/A/CoreFoundation
0x0000000000ef9000 	/System/Library/Frameworks/Foundation.framework/Versions/C/Foundation
0x0000000000ef9000 	/System/Library/Frameworks/AppKit.framework/Versions/C/AppKit
0x0000000000ef9000 	/System/Library/Frameworks/CoreData.framework/Versions/A/CoreData
0x0000000000ef9000 	/System/Library/PrivateFrameworks/RemoteViewServices.framework/Versions/A/RemoteViewServices
0x0000000000ef9000 	/System/Library/PrivateFrameworks/UIFoundation.framework/Versions/A/UIFoundation
0x0000000000ef9000 	/System/Library/Frameworks/IOSurface.framework/Versions/A/IOSurface
0x0000000000ef9000 	/System/Library/Frameworks/AudioToolbox.framework/Versions/A/AudioToolbox
0x0000000000ef9000 	/System/Library/Frameworks/AudioUnit.framework/Versions/A/AudioUnit
0x0000000000ef9000 	/System/Library/PrivateFrameworks/DataDetectorsCore.framework/Versions/A/DataDetectorsCore
0x0000000000ef9000 	/System/Library/PrivateFrameworks/DesktopServicesPriv.framework/Versions/A/DesktopServicesPriv
0x0000000000ef9000 	/System/Library/Frameworks/Carbon.framework/Versions/A/Frameworks/HIToolbox.framework/Versions/A/HIToolbox
0x0000000000ef9000 	/System/Library/Frameworks/QuartzCore.framework/Versions/A/QuartzCore
0x0000000000ef9000 	/System/Library/Frameworks/Carbon.framework/Versions/A/Frameworks/SpeechRecognition.framework/Versions/A/SpeechRecognition
0x0000000000ef9000 	/usr/lib/libauto.dylib
0x0000000000ef9000 	/usr/lib/libicucore.A.dylib
0x0000000000ef9000 	/usr/lib/libxml2.2.dylib
0x0000000000ef9000 	/System/Library/PrivateFrameworks/CoreUI.framework/Versions/A/CoreUI
0x0000000000ef9000 	/System/Library/Frameworks/CoreAudio.framework/Versions/A/CoreAudio
0x0000000000ef9000 	/System/Library/Frameworks/DiskArbitration.framework/Versions/A/DiskArbitration
0x0000000000ef9000 	/usr/lib/liblangid.dylib
0x0000000000ef9000 	/System/Library/PrivateFrameworks/MultitouchSupport.framework/Versions/A/MultitouchSupport
0x0000000000ef9000 	/System/Library/Frameworks/IOKit.framework/Versions/A/IOKit
0x0000000000ef9000 	/usr/lib/libDiagnosticMessagesClient.dylib
0x0000000000ef9000 	/System/Library/Frameworks/CoreServices.framework/Versions/A/CoreServices
0x0000000000ef9000 	/System/Library/PrivateFrameworks/PerformanceAnalysis.framework/Versions/A/PerformanceAnalysis
0x0000000000ef9000 	/System/Library/PrivateFrameworks/GenerationalStorage.framework/Versions/A/GenerationalStorage
0x0000000000ef9000 	/System/Library/Frameworks/OpenGL.framework/Versions/A/OpenGL
0x0000000000ef9000 	/System/Library/PrivateFrameworks/Sharing.framework/Versions/A/Sharing
0x0000000000ef9000 	/System/Library/Frameworks/CoreGraphics.framework/Versions/A/CoreGraphics
0x0000000000ef9000 	/System/Library/Frameworks/CoreText.framework/Versions/A/CoreText
0x0000000000ef9000 	/System/Library/Frameworks/ImageIO.framework/Versions/A/ImageIO
0x0000000000ef9000 	/usr/lib/libextension.dylib
0x0000000000ef9000 	/System/Library/PrivateFrameworks/Backup.framework/Versions/A/Backup
0x0000000000ef9000 	/usr/lib/libarchive.2.dylib
0x0000000000ef9000 	/System/Library/Frameworks/CFNetwork.framework/Versions/A/CFNetwork
0x0000000000ef9000 	/System/Library/Frameworks/SystemConfiguration.framework/Versions/A/SystemConfiguration
0x0000000000ef9000 	/usr/lib/libCRFSuite.dylib
0x0000000000ef9000 	/usr/lib/libc++.1.dylib
0x0000000000ef9000 	/usr/lib/libc++abi.dylib
0x0000000000ef9000 	/usr/lib/system/libcache.dylib
0x0000000000ef9000 	/usr/lib/system/libcommonCrypto.dylib
0x0000000000ef9000 	/usr/lib/system/libcompiler_rt.dylib
0x0000000000ef9000 	/usr/lib/system/libcopyfile.dylib
0x0000000000ef9000 	/usr/lib/system/libcorecrypto.dylib
0x0000000000ef9000 	/usr/lib/system/libdispatch.dylib
0x0000000000ef9000 	/usr/lib/system/libdyld.dylib
0x0000000000ef9000 	/usr/lib/system/libkeymgr.dylib
0x0000000000ef9000 	/usr/lib/system/liblaunch.dylib
0x0000000000ef9000 	/usr/lib/system/libmacho.dylib
0x0000000000ef9000 	/usr/lib/system/libquarantine.dylib
0x0000000000ef9000 	/usr/lib/system/libremovefile.dylib
0x0000000000ef9000 	/usr/lib/system/libsystem_asl.dylib
0x0000000000ef9000 	/usr/lib/system/libsystem_blocks.dylib
0x0000000000ef9000 	/usr/lib/system/libsystem_c.dylib
0x0000000000ef9000 	/usr/lib/system/libsystem_configuration.dylib
0x0000000000ef9000 	/usr/lib/system/libsystem_coreservices.dylib
0x0000000000ef9000 	/usr/lib/system/libsystem_coretls.dylib
0x0000000000ef9000 	/usr/lib/system/libsystem_dnssd.dylib
0x0000000000ef9000 	/usr/lib/system/libsystem_info.dylib
0x0000000000ef9000 	/usr/lib/system/libsystem_kernel.dylib
0x0000000000ef9000 	/usr/lib/system/libsystem_m.dylib
0x0000000000ef9000 	/usr/lib/system/libsystem_malloc.dylib
0x0000000000ef9000 	/usr/lib/system/libsystem_network.dylib
0x0000000000ef9000 	/usr/lib/system/libsystem_networkextension.dylib
0x0000000000ef9000 	/usr/lib/system/libsystem_notify.dylib
0x0000000000ef9000 	/usr/lib/system/libsystem_platform.dylib
0x0000000000ef9000 	/usr/lib/system/libsystem_pthread.dylib
0x0000000000ef9000 	/usr/lib/system/libsystem_sandbox.dylib
0x0000000000ef9000 	/usr/lib/system/libsystem_secinit.dylib
0x0000000000ef9000 	/usr/lib/system/libsystem_stats.dylib
0x0000000000ef9000 	/usr/lib/system/libsystem_trace.dylib
0x0000000000ef9000 	/usr/lib/system/libunc.dylib
0x0000000000ef9000 	/usr/lib/system/libunwind.dylib
0x0000000000ef9000 	/usr/lib/system/libxpc.dylib
0x0000000000ef9000 	/usr/lib/libbz2.1.0.dylib
0x0000000000ef9000 	/usr/lib/liblzma.5.dylib
0x0000000000ef9000 	/usr/lib/libbsm.0.dylib
0x0000000000ef9000 	/usr/lib/libsqlite3.dylib
0x0000000000ef9000 	/usr/lib/system/libkxld.dylib
0x0000000000ef9000 	/usr/lib/libxar.1.dylib
0x0000000000ef9000 	/usr/lib/libpam.2.dylib
0x0000000000ef9000 	/usr/lib/libOpenScriptingUtil.dylib
0x0000000000ef9000 	/System/Library/Frameworks/CoreServices.framework/Versions/A/Frameworks/FSEvents.framework/Versions/A/FSEvents
0x0000000000ef9000 	/System/Library/Frameworks/CoreServices.framework/Versions/A/Frameworks/CarbonCore.framework/Versions/A/CarbonCore
0x0000000000ef9000 	/System/Library/Frameworks/CoreServices.framework/Versions/A/Frameworks/Metadata.framework/Versions/A/Metadata
0x0000000000ef9000 	/System/Library/Frameworks/CoreServices.framework/Versions/A/Frameworks/OSServices.framework/Versions/A/OSServices
0x0000000000ef9000 	/System/Library/Frameworks/CoreServices.framework/Versions/A/Frameworks/SearchKit.framework/Versions/A/SearchKit
0x0000000000ef9000 	/System/Library/Frameworks/CoreServices.framework/Versions/A/Frameworks/AE.framework/Versions/A/AE
0x0000000000ef9000 	/System/Library/Frameworks/CoreServices.framework/Versions/A/Frameworks/LaunchServices.framework/Versions/A/LaunchServices
0x0000000000ef9000 	/System/Library/Frameworks/CoreServices.framework/Versions/A/Frameworks/DictionaryServices.framework/Versions/A/DictionaryServices
0x0000000000ef9000 	/System/Library/Frameworks/NetFS.framework/Versions/A/NetFS
0x0000000000ef9000 	/System/Library/PrivateFrameworks/NetAuth.framework/Versions/A/NetAuth
0x0000000000ef9000 	/System/Library/PrivateFrameworks/login.framework/Versions/A/Frameworks/loginsupport.framework/Versions/A/loginsupport
0x0000000000ef9000 	/System/Library/PrivateFrameworks/TCC.framework/Versions/A/TCC
0x0000000000ef9000 	/usr/lib/libmecabra.dylib
0x0000000000ef9000 	/System/Library/Frameworks/ApplicationServices.framework/Versions/A/Frameworks/ATS.framework/Versions/A/ATS
0x0000000000ef9000 	/System/Library/Frameworks/ApplicationServices.framework/Versions/A/Frameworks/ColorSync.framework/Versions/A/ColorSync
0x0000000000ef9000 	/System/Library/Frameworks/ApplicationServices.framework/Versions/A/Frameworks/HIServices.framework/Versions/A/HIServices
0x0000000000ef9000 	/System/Library/Frameworks/ApplicationServices.framework/Versions/A/Frameworks/LangAnalysis.framework/Versions/A/LangAnalysis
0x0000000000ef9000 	/System/Library/Frameworks/ApplicationServices.framework/Versions/A/Frameworks/PrintCore.framework/Versions/A/PrintCore
0x0000000000ef9000 	/System/Library/Frameworks/ApplicationServices.framework/Versions/A/Frameworks/QD.framework/Versions/A/QD
0x0000000000ef9000 	/System/Library/Frameworks/ApplicationServices.framework/Versions/A/Frameworks/SpeechSynthesis.framework/Versions/A/SpeechSynthesis
0x0000000000ef9000 	/System/Library/Frameworks/Accelerate.framework/Versions/A/Accelerate
0x0000000000ef9000 	/System/Library/Frameworks/Accelerate.framework/Versions/A/Frameworks/vImage.framework/Versions/A/vImage
0x0000000000ef9000 	/System/Library/Frameworks/Accelerate.framework/Versions/A/Frameworks/vecLib.framework/Versions/A/vecLib
0x0000000000ef9000 	/System/Library/Frameworks/Accelerate.framework/Versions/A/Frameworks/vecLib.framework/Versions/A/libvDSP.dylib
0x0000000000ef9000 	/System/Library/Frameworks/Accelerate.framework/Versions/A/Frameworks/vecLib.framework/Versions/A/libvMisc.dylib
0x0000000000ef9000 	/System/Library/Frameworks/Accelerate.framework/Versions/A/Frameworks/vecLib.framework/Versions/A/libLAPACK.dylib
0x0000000000ef9000 	/System/Library/Frameworks/Accelerate.framework/Versions/A/Frameworks/vecLib.framework/Versions/A/libBLAS.dylib
0x0000000000ef9000 	/System/Library/Frameworks/Accelerate.framework/Versions/A/Frameworks/vecLib.framework/Versions/A/libLinearAlgebra.dylib
0x0000000000ef9000 	/System/Library/Frameworks/ApplicationServices.framework/Versions/A/Frameworks/ATS.framework/Versions/A/Resources/libFontParser.dylib
0x0000000000ef9000 	/System/Library/Frameworks/ApplicationServices.framework/Versions/A/Frameworks/ATS.framework/Versions/A/Resources/libFontRegistry.dylib
0x0000000000ef9000 	/System/Library/PrivateFrameworks/AppleVPA.framework/Versions/A/AppleVPA
0x0000000000ef9000 	/System/Library/PrivateFrameworks/AppleJPEG.framework/Versions/A/AppleJPEG
0x0000000000ef9000 	/System/Library/Frameworks/ImageIO.framework/Versions/A/Resources/libJPEG.dylib
0x0000000000ef9000 	/System/Library/Frameworks/ImageIO.framework/Versions/A/Resources/libTIFF.dylib
0x0000000000ef9000 	/System/Library/Frameworks/ImageIO.framework/Versions/A/Resources/libPng.dylib
0x0000000000ef9000 	/System/Library/Frameworks/ImageIO.framework/Versions/A/Resources/libGIF.dylib
0x0000000000ef9000 	/System/Library/Frameworks/ImageIO.framework/Versions/A/Resources/libJP2.dylib
0x0000000000ef9000 	/System/Library/Frameworks/ImageIO.framework/Versions/A/Resources/libRadiance.dylib
0x0000000000ef9000 	/System/Library/Frameworks/CoreVideo.framework/Versions/A/CoreVideo
0x0000000000ef9000 	/System/Library/Frameworks/OpenGL.framework/Versions/A/Libraries/libGLU.dylib
0x0000000000ef9000 	/System/Library/Frameworks/OpenGL.framework/Versions/A/Libraries/libGFXShared.dylib
0x0000000000ef9000 	/System/Library/Frameworks/OpenGL.framework/Versions/A/Libraries/libGL.dylib
0x0000000000ef9000 	/System/Library/Frameworks/OpenGL.framework/Versions/A/Libraries/libGLImage.dylib
0x0000000000ef9000 	/System/Library/Frameworks/OpenGL.framework/Versions/A/Libraries/libCVMSPluginSupport.dylib
0x0000000000ef9000 	/System/Library/Frameworks/OpenGL.framework/Versions/A/Libraries/libCoreVMClient.dylib
0x0000000000ef9000 	/usr/lib/libcups.2.dylib
0x0000000000ef9000 	/System/Library/Frameworks/Kerberos.framework/Versions/A/Kerberos
0x0000000000ef9000 	/System/Library/Frameworks/GSS.framework/Versions/A/GSS
0x0000000000ef9000 	/usr/lib/libresolv.9.dylib
0x0000000000ef9000 	/usr/lib/libiconv.2.dylib
0x0000000000ef9000 	/System/Library/PrivateFrameworks/Heimdal.framework/Versions/A/Heimdal
0x0000000000ef9000 	/usr/lib/libheimdal-asn1.dylib
0x0000000000ef9000 	/System/Library/Frameworks/OpenDirectory.framework/Versions/A/OpenDirectory
0x0000000000ef9000 	/System/Library/PrivateFrameworks/CommonAuth.framework/Versions/A/CommonAuth
0x0000000000ef9000 	/System/Library/Frameworks/OpenDirectory.framework/Versions/A/Frameworks/CFOpenDirectory.framework/Versions/A/CFOpenDirectory
0x0000000000ef9000 	/System/Library/Frameworks/SecurityFoundation.framework/Versions/A/SecurityFoundation
0x0000000000ef9000 	/System/Library/PrivateFrameworks/LanguageModeling.framework/Versions/A/LanguageModeling
0x0000000000ef9000 	/usr/lib/libcmph.dylib
0x0000000000ef9000 	/System/Library/Frameworks/ServiceManagement.framework/Versions/A/ServiceManagement
0x0000000000ef9000 	/usr/lib/libxslt.1.dylib
0x0000000000ef9000 	/System/Library/Frameworks/Carbon.framework/Versions/A/Frameworks/Ink.framework/Versions/A/Ink
0x0000000000ef9000 	/System/Library/Frameworks/QuartzCore.framework/Versions/A/Frameworks/CoreImage.framework/Versions/A/CoreImage
0x0000000000ef9000 	/System/Library/PrivateFrameworks/CrashReporterSupport.framework/Versions/A/CrashReporterSupport
0x0000000000ef9000 	/System/Library/Frameworks/OpenCL.framework/Versions/A/OpenCL
0x0000000000ef9000 	/System/Library/PrivateFrameworks/FaceCore.framework/Versions/A/FaceCore
0x0000000000ef9000 	/System/Library/PrivateFrameworks/Ubiquity.framework/Versions/A/Ubiquity
0x0000000000ef9000 	/System/Library/PrivateFrameworks/IconServices.framework/Versions/A/IconServices
0x0000000000ef9000 	/System/Library/PrivateFrameworks/ChunkingLibrary.framework/Versions/A/ChunkingLibrary
0x0000000000ef9000 	/System/Library/PrivateFrameworks/Apple80211.framework/Versions/A/Apple80211
0x0000000000ef9000 	/System/Library/Frameworks/CoreWLAN.framework/Versions/A/CoreWLAN
0x0000000000ef9000 	/System/Library/Frameworks/IOBluetooth.framework/Versions/A/IOBluetooth
0x0000000000ef9000 	/System/Library/PrivateFrameworks/CoreWiFi.framework/Versions/A/CoreWiFi
0x0000000000ef9000 	/System/Library/Frameworks/CoreBluetooth.framework/Versions/A/CoreBluetooth
0x0000000000ef9000 	/System/Library/PrivateFrameworks/DebugSymbols.framework/Versions/A/DebugSymbols
0x0000000000ef9000 	/System/Library/PrivateFrameworks/CoreSymbolication.framework/Versions/A/CoreSymbolication
0x0000000000ef9000 	/System/Library/PrivateFrameworks/Symbolication.framework/Versions/A/Symbolication
0x0000000000ef9000 	/System/Library/PrivateFrameworks/SpeechRecognitionCore.framework/Versions/A/SpeechRecognitionCore
0x0000000104f02000 	/Library/Java/JavaVirtualMachines/jdk1.8.0_40.jdk/Contents/Home/jre/lib/server/libjvm.dylib
0x0000000000ef9000 	/usr/lib/libstdc++.6.dylib
0x0000000105f75000 	/Library/Java/JavaVirtualMachines/jdk1.8.0_40.jdk/Contents/Home/jre/lib/libverify.dylib
0x0000000105f83000 	/Library/Java/JavaVirtualMachines/jdk1.8.0_40.jdk/Contents/Home/jre/lib/libjava.dylib
0x0000000105fc1000 	/Library/Java/JavaVirtualMachines/jdk1.8.0_40.jdk/Contents/Home/jre/lib/libzip.dylib
0x0000000121322000 	/System/Library/Frameworks/JavaVM.framework/Frameworks/JavaRuntimeSupport.framework/JavaRuntimeSupport
0x000000012133a000 	/System/Library/Frameworks/JavaVM.framework/Versions/A/Frameworks/JavaNativeFoundation.framework/Versions/A/JavaNativeFoundation
0x0000000105ff3000 	/System/Library/Frameworks/JavaVM.framework/Versions/A/JavaVM
0x0000000000ef9000 	/System/Library/Frameworks/Carbon.framework/Versions/A/Carbon
0x000000012134f000 	/System/Library/PrivateFrameworks/JavaLaunching.framework/Versions/A/JavaLaunching
0x0000000000ef9000 	/System/Library/Frameworks/Carbon.framework/Versions/A/Frameworks/CommonPanels.framework/Versions/A/CommonPanels
0x0000000000ef9000 	/System/Library/Frameworks/Carbon.framework/Versions/A/Frameworks/Help.framework/Versions/A/Help
0x0000000000ef9000 	/System/Library/Frameworks/Carbon.framework/Versions/A/Frameworks/ImageCapture.framework/Versions/A/ImageCapture
0x0000000000ef9000 	/System/Library/Frameworks/Carbon.framework/Versions/A/Frameworks/OpenScripting.framework/Versions/A/OpenScripting
0x0000000000ef9000 	/System/Library/Frameworks/Carbon.framework/Versions/A/Frameworks/Print.framework/Versions/A/Print
0x0000000000ef9000 	/System/Library/Frameworks/Carbon.framework/Versions/A/Frameworks/SecurityHI.framework/Versions/A/SecurityHI
0x0000000123161000 	/Library/Java/JavaVirtualMachines/jdk1.8.0_40.jdk/Contents/Home/jre/lib/libawt.dylib
0x0000000123209000 	/Library/Java/JavaVirtualMachines/jdk1.8.0_40.jdk/Contents/Home/jre/lib/./libmlib_image.dylib
0x00000001232d5000 	/Library/Java/JavaVirtualMachines/jdk1.8.0_40.jdk/Contents/Home/jre/lib/libawt_lwawt.dylib
0x0000000123388000 	/Library/Java/JavaVirtualMachines/jdk1.8.0_40.jdk/Contents/Home/jre/lib/./libosxapp.dylib
0x0000000000ef9000 	/System/Library/Frameworks/ExceptionHandling.framework/Versions/A/ExceptionHandling
0x0000000000ef9000 	/System/Library/PrivateFrameworks/CoreServicesInternal.framework/Versions/A/CoreServicesInternal
0x0000000000ef9000 	/System/Library/PrivateFrameworks/CloudDocs.framework/Versions/A/CloudDocs
0x0000000000ef9000 	/System/Library/PrivateFrameworks/CoreDuet.framework/Versions/A/CoreDuet
0x0000000000ef9000 	/System/Library/Frameworks/CloudKit.framework/Versions/A/CloudKit
0x0000000000ef9000 	/System/Library/PrivateFrameworks/ProtocolBuffer.framework/Versions/A/ProtocolBuffer
0x0000000000ef9000 	/System/Library/PrivateFrameworks/CoreDuetDaemonProtocol.framework/Versions/A/CoreDuetDaemonProtocol
0x0000000000ef9000 	/System/Library/PrivateFrameworks/CoreDuetDebugLogging.framework/Versions/A/CoreDuetDebugLogging
0x0000000000ef9000 	/System/Library/Frameworks/CoreLocation.framework/Versions/A/CoreLocation
0x0000000000ef9000 	/System/Library/Frameworks/Accounts.framework/Versions/A/Accounts
0x0000000000ef9000 	/System/Library/PrivateFrameworks/ApplePushService.framework/Versions/A/ApplePushService
0x0000000000ef9000 	/System/Library/PrivateFrameworks/GeoServices.framework/Versions/A/GeoServices
0x0000000000ef9000 	/System/Library/PrivateFrameworks/OAuth.framework/Versions/A/OAuth
0x0000000000ef9000 	/System/Library/PrivateFrameworks/CoreDaemon.framework/Versions/B/CoreDaemon
0x0000000000ef9000 	/usr/lib/libcrypto.0.9.8.dylib
0x0000000000ef9000 	/System/Library/PrivateFrameworks/AppleSRP.framework/Versions/A/AppleSRP
0x0000000000ef9000 	/System/Library/PrivateFrameworks/TrustEvaluationAgent.framework/Versions/A/TrustEvaluationAgent
0x0000000000ef9000 	/System/Library/Frameworks/CoreGraphics.framework/Versions/A/Resources/libCGCMS.A.dylib
0x0000000000ef9000 	/System/Library/Frameworks/CoreGraphics.framework/Versions/A/Resources/libRIP.A.dylib
0x0000000000ef9000 	/System/Library/Frameworks/CoreGraphics.framework/Versions/A/Resources/libCGXType.A.dylib
0x0000000000ef9000 	/System/Library/Frameworks/OpenCL.framework/Versions/A/Libraries/libcldcpuengine.dylib
0x0000000000ef9000 	/System/Library/PrivateFrameworks/DiskImages.framework/Versions/A/DiskImages
0x0000000000ef9000 	/System/Library/Frameworks/DiscRecording.framework/Versions/A/DiscRecording
0x0000000000ef9000 	/usr/lib/libcsfde.dylib
0x0000000000ef9000 	/usr/lib/libcurl.4.dylib
0x0000000000ef9000 	/System/Library/PrivateFrameworks/MediaKit.framework/Versions/A/MediaKit
0x0000000000ef9000 	/System/Library/PrivateFrameworks/ProtectedCloudStorage.framework/Versions/A/ProtectedCloudStorage
0x0000000000ef9000 	/usr/lib/libCoreStorage.dylib
0x0000000000ef9000 	/System/Library/PrivateFrameworks/EFILogin.framework/Versions/A/EFILogin
0x0000000000ef9000 	/usr/lib/libutil.dylib
0x0000000000ef9000 	/System/Library/PrivateFrameworks/FindMyDevice.framework/Versions/A/FindMyDevice
0x0000000000ef9000 	/System/Library/Frameworks/LDAP.framework/Versions/A/LDAP
0x0000000000ef9000 	/usr/lib/libsasl2.2.dylib
0x00000001261bf000 	cl_kernels
0x00000001261c1000 	/System/Library/Frameworks/OpenCL.framework/Versions/A/Libraries/ImageFormats/unorm8_bgra.dylib
0x00000001261b0000 	cl_kernels
0x0000000000ef9000 	/System/Library/PrivateFrameworks/FamilyControls.framework/Versions/A/FamilyControls
0x0000000000ef9000 	/System/Library/PrivateFrameworks/CommerceKit.framework/Versions/A/Frameworks/CommerceCore.framework/Versions/A/CommerceCore
0x0000000000ef9000 	/System/Library/PrivateFrameworks/SystemAdministration.framework/Versions/A/SystemAdministration
0x0000000000ef9000 	/System/Library/PrivateFrameworks/AppContainer.framework/Versions/A/AppContainer
0x0000000000ef9000 	/System/Library/PrivateFrameworks/SecCodeWrapper.framework/Versions/A/SecCodeWrapper
0x0000000000ef9000 	/System/Library/Frameworks/DirectoryService.framework/Versions/A/DirectoryService
0x0000000000ef9000 	/System/Library/PrivateFrameworks/LoginUIKit.framework/Versions/A/Frameworks/LoginUICore.framework/Versions/A/LoginUICore
0x0000000000ef9000 	/usr/lib/libodfde.dylib
0x0000000127384000 	/Library/Java/JavaVirtualMachines/jdk1.8.0_40.jdk/Contents/Home/jre/lib/libfontmanager.dylib
0x00000001273eb000 	/Users/Phoenix/Desktop/GitHub/Slick2D/liblwjgl.dylib
0x00000001256f7000 	/Library/Java/JavaVirtualMachines/jdk1.8.0_40.jdk/Contents/Home/jre/lib/libjawt.dylib
0x0000000000ef9000 	/System/Library/Frameworks/OpenGL.framework/Versions/A/Resources/GLEngine.bundle/GLEngine
0x0000000000ef9000 	/System/Library/Frameworks/OpenGL.framework/Versions/A/Libraries/libGLProgrammability.dylib
0x0000000000000000 	/System/Library/Extensions/AppleIntelHD3000GraphicsGLDriver.bundle/Contents/MacOS/AppleIntelHD3000GraphicsGLDriver
0x0000000127477000 	/System/Library/PrivateFrameworks/GPUSupport.framework/Versions/A/Libraries/libGPUSupport.dylib
0x0000000000ef9000 	/System/Library/Frameworks/OpenGL.framework/Versions/A/Resources/GLRendererFloat.bundle/GLRendererFloat

VM Arguments:
jvm_args: -Djava.library.path=/Users/Phoenix/Desktop/GitHub/Slick2D -Dfile.encoding=UTF-8 
java_command: com.phoenixkahlo.eclipse.testing.TranslationPerspectiveTest
java_class_path (initial): /Users/Phoenix/Desktop/GitHub/Room_Game/bin:/Users/Phoenix/Desktop/GitHub/Slick2D/lib/lwjgl.jar:/Users/Phoenix/Desktop/GitHub/Slick2D/lib/slick.jar:/Users/Phoenix/Desktop/GitHub/dyn4j/dyn4j-3.2.0.jar
Launcher Type: SUN_STANDARD

Environment Variables:
PATH=/usr/bin:/bin:/usr/sbin:/sbin
SHELL=/bin/bash
DISPLAY=/private/tmp/com.apple.launchd.6PH1xS3GyB/org.macosforge.xquartz:0

Signal Handlers:
SIGSEGV: [libjvm.dylib+0x58921b], sa_mask[0]=11111111011111110111111111111111, sa_flags=SA_ONSTACK|SA_RESTART|SA_SIGINFO
SIGBUS: [libjvm.dylib+0x58921b], sa_mask[0]=11111111011111110111111111111111, sa_flags=SA_RESTART|SA_SIGINFO
SIGFPE: [libjvm.dylib+0x466ad4], sa_mask[0]=11111111011111110111111111111111, sa_flags=SA_RESTART|SA_SIGINFO
SIGPIPE: [libjvm.dylib+0x466ad4], sa_mask[0]=11111111011111110111111111111111, sa_flags=SA_RESTART|SA_SIGINFO
SIGXFSZ: [libjvm.dylib+0x466ad4], sa_mask[0]=11111111011111110111111111111111, sa_flags=SA_RESTART|SA_SIGINFO
SIGILL: [libjvm.dylib+0x466ad4], sa_mask[0]=11111111011111110111111111111111, sa_flags=SA_RESTART|SA_SIGINFO
SIGUSR1: SIG_DFL, sa_mask[0]=00000000000000000000000000000000, sa_flags=none
SIGUSR2: [libjvm.dylib+0x4665f2], sa_mask[0]=00100000000000000000000000000000, sa_flags=SA_RESTART|SA_SIGINFO
SIGHUP: [libjvm.dylib+0x464bc5], sa_mask[0]=11111111011111110111111111111111, sa_flags=SA_RESTART|SA_SIGINFO
SIGINT: [libjvm.dylib+0x464bc5], sa_mask[0]=11111111011111110111111111111111, sa_flags=SA_RESTART|SA_SIGINFO
SIGTERM: [libjvm.dylib+0x464bc5], sa_mask[0]=11111111011111110111111111111111, sa_flags=SA_RESTART|SA_SIGINFO
SIGQUIT: [libjvm.dylib+0x464bc5], sa_mask[0]=11111111011111110111111111111111, sa_flags=SA_RESTART|SA_SIGINFO


---------------  S Y S T E M  ---------------

OS:Bsduname:Darwin 14.1.0 Darwin Kernel Version 14.1.0: Thu Feb 26 19:26:47 PST 2015; root:xnu-2782.10.73~1/RELEASE_X86_64 x86_64
rlimit: STACK 8192k, CORE 0k, NPROC 709, NOFILE 10240, AS infinity
load average:13.12 30.32 17.49

CPU:total 4 (2 cores per cpu, 2 threads per core) family 6 model 42 stepping 7, cmov, cx8, fxsr, mmx, sse, sse2, sse3, ssse3, sse4.1, sse4.2, popcnt, avx, aes, clmul, ht, tsc, tscinvbit

Memory: 4k page, physical 16777216k(3082828k free)

/proc/meminfo:


vm_info: Java HotSpot(TM) 64-Bit Server VM (25.40-b16) for bsd-amd64 JRE (1.8.0_40-ea-b12), built on Oct 28 2014 23:44:01 by "java_re" with gcc 4.2.1 (Based on Apple Inc. build 5658) (LLVM build 2336.11.00)

time: Tue Apr 26 10:52:08 2016
elapsed time: 6 seconds (0d 0h 0m 6s)

