#
# A fatal error has been detected by the Java Runtime Environment:
#
#  SIGSEGV (0xb) at pc=0x00007fff88ef20dd, pid=8530, tid=1811
#
# JRE version: Java(TM) SE Runtime Environment (8.0_40-b12) (build 1.8.0_40-ea-b12)
# Java VM: Java HotSpot(TM) 64-Bit Server VM (25.40-b16 mixed mode bsd-amd64 compressed oops)
# Problematic frame:
# C  [libobjc.A.dylib+0x10dd]  objc_msgSend+0x1d
#
# Failed to write core dump. Core dumps have been disabled. To enable core dumping, try "ulimit -c unlimited" before starting Java again
#
# If you would like to submit a bug report, please visit:
#   http://bugreport.sun.com/bugreport/crash.jsp
# The crash happened outside the Java Virtual Machine in native code.
# See problematic frame for where to report the bug.
#

---------------  T H R E A D  ---------------

Current thread (0x00007fea0b0ba800):  JavaThread "AppKit Thread" daemon [_thread_in_native, id=1811, stack(0x00007fff5d220000,0x00007fff5da20000)]

siginfo: si_signo: 11 (SIGSEGV), si_code: 1 (SEGV_MAPERR), si_addr: 0x000007fea0ac78e8

Registers:
RAX=0x00007fea0aca0180, RBX=0x00007fff5da1b858, RCX=0x0000000000000000, RDX=0x00007fea0af731b0
RSP=0x00007fff5da1b678, RBP=0x00007fff5da1b680, RSI=0x00007fff848962b4, RDI=0x00007fea0aca0180
R8 =0x00007fff5da1b660, R9 =0x0000000000000056, R10=0x00007fff848962b4, R11=0x000007fea0ac78d0
R12=0x00007fea0af11280, R13=0x00000000000f42e9, R14=0x00007fea0ace08a0, R15=0x00007fff5da1b7b8
RIP=0x00007fff88ef20dd, EFLAGS=0x0000000000010202, ERR=0x0000000000000004
  TRAPNO=0x000000000000000e

Top of Stack: (sp=0x00007fff5da1b678)
0x00007fff5da1b678:   00007fff88b93cdc 00007fff5da1b9e0
0x00007fff5da1b688:   00007fff88a85244 00007fff5da1b70c
0x00007fff5da1b698:   00007fff5da1b710 00007fff5da1b714
0x00007fff5da1b6a8:   00007fff71ac1c88 ffffffffffffffff
0x00007fff5da1b6b8:   0000000000000810 00007fff71ac1ca0
0x00007fff5da1b6c8:   00007fea0ace08a0 0000000000000000
0x00007fff5da1b6d8:   00007fff5da1b7b0 0000000000000000
0x00007fff5da1b6e8:   00007fea0acae330 00007fff5da1b830
0x00007fff5da1b6f8:   0000000000000056 00000000000f42eb
0x00007fff5da1b708:   00007fea0af731b0 00007fea0acadb60
0x00007fff5da1b718:   00007fea0af11280 0000000000000001
0x00007fff5da1b728:   00000000000f42e9 00007fea0af11270
0x00007fff5da1b738:   00007fff85e557ba 000000010ace1ac0
0x00007fff5da1b748:   00007fff730050d0 0000000042000000
0x00007fff5da1b758:   00007fff85e5de13 00007fff71a8c1d0
0x00007fff5da1b768:   00007fff5da1b838 0000000000000000
0x00007fff5da1b778:   00007fff721118c8 0000000000000000
0x00007fff5da1b788:   0000000000000010 00010c0300000001
0x00007fff5da1b798:   00007fea0af112a4 0000000000000000
0x00007fff5da1b7a8:   00000000003c9d01 00007fea0acae3b0
0x00007fff5da1b7b8:   00007fea0ace08a0 0000000000000000
0x00007fff5da1b7c8:   00007fff848ce34c 00007fff5da1b870
0x00007fff5da1b7d8:   00007fff8d5c2513 00007fff5da1b854
0x00007fff5da1b7e8:   00000000003c9e01 00000000ffffffff
0x00007fff5da1b7f8:   00007fff721118c8 00000000003c9e00
0x00007fff5da1b808:   00007fff00000000 00007fff5da1b900
0x00007fff5da1b818:   00007fff8d99aedc 00007fff721118e8
0x00007fff5da1b828:   00007fff848ce34c 0000000000000050
0x00007fff5da1b838:   0000000000000000 00000000000f42e0
0x00007fff5da1b848:   0000000000000052 0000000000000000
0x00007fff5da1b858:   00000000000f42e9 00007fff5da1b8d4
0x00007fff5da1b868:   00000000003ca901 00000000ffffffff 

Instructions: (pc=0x00007fff88ef20dd)
0x00007fff88ef20bd:   00 00 00 48 85 ff 2e 74 7a 40 f6 c7 01 2e 75 7e
0x00007fff88ef20cd:   49 bb f8 ff ff ff ff 7f 00 00 4c 23 1f 49 89 f2
0x00007fff88ef20dd:   45 23 53 18 49 c1 e2 04 4d 03 53 10 49 3b 32 75
0x00007fff88ef20ed:   04 41 ff 62 08 49 83 3a 00 74 6a 4d 3b 53 10 74 

Register to memory mapping:

RAX=0x00007fea0aca0180 is an unknown value
RBX=0x00007fff5da1b858 is pointing into the stack for thread: 0x00007fea0b0ba800
RCX=0x0000000000000000 is an unknown value
RDX=0x00007fea0af731b0 is an unknown value
RSP=0x00007fff5da1b678 is pointing into the stack for thread: 0x00007fea0b0ba800
RBP=0x00007fff5da1b680 is pointing into the stack for thread: 0x00007fea0b0ba800
RSI=0x00007fff848962b4: -[NSTitlebarContainerView shouldRoundCorners]+0x5ced6 in /System/Library/Frameworks/AppKit.framework/Versions/C/AppKit at 0x00007fff83ec5000
RDI=0x00007fea0aca0180 is an unknown value
R8 =0x00007fff5da1b660 is pointing into the stack for thread: 0x00007fea0b0ba800
R9 =0x0000000000000056 is an unknown value
R10=0x00007fff848962b4: -[NSTitlebarContainerView shouldRoundCorners]+0x5ced6 in /System/Library/Frameworks/AppKit.framework/Versions/C/AppKit at 0x00007fff83ec5000
R11=0x000007fea0ac78d0 is an unknown value
R12=0x00007fea0af11280 is an unknown value
R13=0x00000000000f42e9 is an unknown value
R14=0x00007fea0ace08a0 is an unknown value
R15=0x00007fff5da1b7b8 is pointing into the stack for thread: 0x00007fea0b0ba800


Stack: [0x00007fff5d220000,0x00007fff5da20000],  sp=0x00007fff5da1b678,  free space=8173k
Native frames: (J=compiled Java code, j=interpreted, Vv=VM code, C=native code)
C  [libobjc.A.dylib+0x10dd]  objc_msgSend+0x1d
C  [CoreFoundation+0x10244]  _CFXNotificationPost+0xc44
C  [Foundation+0x2c31]  -[NSNotificationCenter postNotificationName:object:userInfo:]+0x42
C  [AppKit+0xdd776]  -[NSSurface _disposeSurface]+0x98
C  [AppKit+0xdd1da]  -[NSSurface setWindow:]+0x42
C  [AppKit+0x3b9ef]  -[NSView _setWindow:]+0xa22
C  [AppKit+0x3cc22]  -[NSView removeFromSuperview]+0x1c5
C  [AppKit+0x9140a]  -[NSView removeFromSuperviewWithoutNeedingDisplay]+0x26
C  [liblwjgl.dylib+0xa205]  +[MacOSXKeyableWindow destroyWindow]+0xb5
C  [Foundation+0x65cdc]  __NSThreadPerformPerform+0x125
C  [CoreFoundation+0x80681]  __CFRUNLOOP_IS_CALLING_OUT_TO_A_SOURCE0_PERFORM_FUNCTION__+0x11
C  [CoreFoundation+0x7280d]  __CFRunLoopDoSources0+0x10d
C  [CoreFoundation+0x71e3f]  __CFRunLoopRun+0x39f
C  [CoreFoundation+0x71858]  CFRunLoopRunSpecific+0x128
C  [HIToolbox+0x2eaef]  RunCurrentEventLoopInMode+0xeb
C  [HIToolbox+0x2e86a]  ReceiveNextEventCommon+0x1af
C  [HIToolbox+0x2e6ab]  _BlockUntilNextEventMatchingListInModeWithFilter+0x47
C  [AppKit+0x23f81]  _DPSNextEvent+0x3c4
C  [AppKit+0x23730]  -[NSApplication nextEventMatchingMask:untilDate:inMode:dequeue:]+0xc2
C  [libosxapp.dylib+0x242a]  -[NSApplicationAWT nextEventMatchingMask:untilDate:inMode:dequeue:]+0x7c
C  [AppKit+0x17593]  -[NSApplication run]+0x252
C  [libosxapp.dylib+0x223e]  +[NSApplicationAWT runAWTLoopWithApp:]+0x9c
C  [libawt_lwawt.dylib+0x447d7]  -[AWTStarter starter:]+0x389
C  [Foundation+0x65cdc]  __NSThreadPerformPerform+0x125
C  [CoreFoundation+0x80681]  __CFRUNLOOP_IS_CALLING_OUT_TO_A_SOURCE0_PERFORM_FUNCTION__+0x11
C  [CoreFoundation+0x7280d]  __CFRunLoopDoSources0+0x10d
C  [CoreFoundation+0x71e3f]  __CFRunLoopRun+0x39f
C  [CoreFoundation+0x71858]  CFRunLoopRunSpecific+0x128
C  [java+0x65f4]  CreateExecutionEnvironment+0x367
C  [java+0x23ec]  JLI_Launch+0x7a0
C  [java+0x85b2]  main+0x65
C  [java+0x1c44]  start+0x34
C  0x0000000000000006


---------------  P R O C E S S  ---------------

Java Threads: ( => current thread )
  0x00007fea0c922800 JavaThread "AWT-Shutdown" [_thread_blocked, id=29723, stack(0x000000013d5bd000,0x000000013d6bd000)]
=>0x00007fea0b0ba800 JavaThread "AppKit Thread" daemon [_thread_in_native, id=1811, stack(0x00007fff5d220000,0x00007fff5da20000)]
  0x00007fea0b805000 JavaThread "Service Thread" daemon [_thread_blocked, id=18179, stack(0x000000012034e000,0x000000012044e000)]
  0x00007fea0c00c800 JavaThread "C1 CompilerThread2" daemon [_thread_blocked, id=17667, stack(0x000000012024b000,0x000000012034b000)]
  0x00007fea0c00c000 JavaThread "C2 CompilerThread1" daemon [_thread_blocked, id=17155, stack(0x0000000120148000,0x0000000120248000)]
  0x00007fea0c006800 JavaThread "C2 CompilerThread0" daemon [_thread_blocked, id=16643, stack(0x0000000120045000,0x0000000120145000)]
  0x00007fea0c009000 JavaThread "Signal Dispatcher" daemon [_thread_blocked, id=12563, stack(0x000000011ff42000,0x0000000120042000)]
  0x00007fea0c853800 JavaThread "Finalizer" daemon [_thread_blocked, id=11523, stack(0x000000011e5f8000,0x000000011e6f8000)]
  0x00007fea0c852800 JavaThread "Reference Handler" daemon [_thread_blocked, id=11011, stack(0x000000011e4f5000,0x000000011e5f5000)]
  0x00007fea0b804800 JavaThread "main" [_thread_in_native, id=3331, stack(0x0000000103239000,0x0000000103339000)]

Other Threads:
  0x00007fea0c850000 VMThread [stack: 0x000000011e3f2000,0x000000011e4f2000] [id=10499]
  0x00007fea0b98a000 WatcherThread [stack: 0x0000000120451000,0x0000000120551000] [id=18691]

VM state:not at safepoint (normal execution)

VM Mutex/Monitor currently owned by a thread: None

Heap:
 PSYoungGen      total 76288K, used 49589K [0x000000076ab00000, 0x0000000770000000, 0x00000007c0000000)
  eden space 65536K, 75% used [0x000000076ab00000,0x000000076db6d468,0x000000076eb00000)
  from space 10752K, 0% used [0x000000076f580000,0x000000076f580000,0x0000000770000000)
  to   space 10752K, 0% used [0x000000076eb00000,0x000000076eb00000,0x000000076f580000)
 ParOldGen       total 175104K, used 0K [0x00000006c0000000, 0x00000006cab00000, 0x000000076ab00000)
  object space 175104K, 0% used [0x00000006c0000000,0x00000006c0000000,0x00000006cab00000)
 Metaspace       used 7670K, capacity 7811K, committed 8064K, reserved 1056768K
  class space    used 769K, capacity 840K, committed 896K, reserved 1048576K

Card table byte_map: [0x0000000112fc0000,0x00000001137c1000] byte_map_base: 0x000000010f9c0000

Marking Bits: (ParMarkBitMap*) 0x0000000102b98420
 Begin Bits: [0x0000000114123000, 0x0000000118123000)
 End Bits:   [0x0000000118123000, 0x000000011c123000)

Polling page: 0x0000000103394000

CodeCache: size=245760Kb used=3303Kb max_used=3303Kb free=242456Kb
 bounds [0x0000000103c00000, 0x0000000103f40000, 0x0000000112c00000]
 total_blobs=1272 nmethods=841 adapters=345
 compilation: enabled

Compilation events (10 events):
Event: 6.008 Thread 0x00007fea0c00c800  837       1       org.dyn4j.collision.broadphase.BroadphasePair::getFixture1 (5 bytes)
Event: 6.009 Thread 0x00007fea0c00c800 nmethod 837 0x0000000103f29210 code [0x0000000103f29360, 0x0000000103f29470]
Event: 6.009 Thread 0x00007fea0c00c800  838       1       org.dyn4j.collision.broadphase.BroadphasePair::getFixture2 (5 bytes)
Event: 6.009 Thread 0x00007fea0c00c800 nmethod 838 0x0000000103f294d0 code [0x0000000103f29620, 0x0000000103f29730]
Event: 6.124 Thread 0x00007fea0c00c800  839       3       org.dyn4j.dynamics.contact.SequentialImpulses::solvePositionContraints (557 bytes)
Event: 6.129 Thread 0x00007fea0c00c800 nmethod 839 0x0000000103f29790 code [0x0000000103f29ca0, 0x0000000103f2d228]
Event: 6.134 Thread 0x00007fea0c006800  840       4       org.newdawn.slick.opengl.renderer.ImmediateModeOGLRenderer::glTranslatef (7 bytes)
Event: 6.136 Thread 0x00007fea0c006800 nmethod 840 0x0000000103f34c50 code [0x0000000103f34dc0, 0x0000000103f34f28]
Event: 6.174 Thread 0x00007fea0c00c800  841       3       org.dyn4j.dynamics.World::step (864 bytes)
Event: 6.179 Thread 0x00007fea0c00c800 nmethod 841 0x0000000103f35110 code [0x0000000103f35860, 0x0000000103f3b198]

GC Heap History (0 events):
No events

Deoptimization events (2 events):
Event: 0.516 Thread 0x00007fea0b804800 Uncommon trap: reason=unstable_if action=reinterpret pc=0x0000000103dbc614 method=java.lang.String.lastIndexOf([CII[CIII)I @ 66
Event: 1.453 Thread 0x00007fea0b804800 Uncommon trap: reason=unstable_if action=reinterpret pc=0x0000000103e6104c method=org.newdawn.slick.opengl.PNGDecoder.readChunk([BII)I @ 5

Internal exceptions (10 events):
Event: 0.202 Thread 0x00007fea0b804800 Exception <a 'java/util/zip/ZipException'> (0x000000076afc62e0) thrown at [/HUDSON3/workspace/8-2-build-macosx-x86_64/jdk8u40/1901.nc/hotspot/src/share/vm/prims/jni.cpp, line 709]
Event: 0.202 Thread 0x00007fea0b804800 Exception <a 'java/security/PrivilegedActionException'> (0x000000076afc6490) thrown at [/HUDSON3/workspace/8-2-build-macosx-x86_64/jdk8u40/1901.nc/hotspot/src/share/vm/prims/jvm.cpp, line 1325]
Event: 0.202 Thread 0x00007fea0b804800 Exception <a 'java/security/PrivilegedActionException'> (0x000000076afc6648) thrown at [/HUDSON3/workspace/8-2-build-macosx-x86_64/jdk8u40/1901.nc/hotspot/src/share/vm/prims/jvm.cpp, line 1325]
Event: 0.259 Thread 0x00007fea0b804800 Exception <a 'java/security/PrivilegedActionException'> (0x000000076b1888f8) thrown at [/HUDSON3/workspace/8-2-build-macosx-x86_64/jdk8u40/1901.nc/hotspot/src/share/vm/prims/jvm.cpp, line 1325]
Event: 0.259 Thread 0x00007fea0b804800 Exception <a 'java/security/PrivilegedActionException'> (0x000000076b188ab0) thrown at [/HUDSON3/workspace/8-2-build-macosx-x86_64/jdk8u40/1901.nc/hotspot/src/share/vm/prims/jvm.cpp, line 1325]
Event: 0.259 Thread 0x00007fea0b804800 Exception <a 'java/security/PrivilegedActionException'> (0x000000076b18be30) thrown at [/HUDSON3/workspace/8-2-build-macosx-x86_64/jdk8u40/1901.nc/hotspot/src/share/vm/prims/jvm.cpp, line 1325]
Event: 0.259 Thread 0x00007fea0b804800 Exception <a 'java/security/PrivilegedActionException'> (0x000000076b18bfe8) thrown at [/HUDSON3/workspace/8-2-build-macosx-x86_64/jdk8u40/1901.nc/hotspot/src/share/vm/prims/jvm.cpp, line 1325]
Event: 0.416 Thread 0x00007fea0b804800 Exception <a 'java/io/FileNotFoundException'> (0x000000076b191288) thrown at [/HUDSON3/workspace/8-2-build-macosx-x86_64/jdk8u40/1901.nc/hotspot/src/share/vm/prims/jni.cpp, line 709]
Event: 0.417 Thread 0x00007fea0b804800 Exception <a 'java/io/FileNotFoundException'> (0x000000076b191d80) thrown at [/HUDSON3/workspace/8-2-build-macosx-x86_64/jdk8u40/1901.nc/hotspot/src/share/vm/prims/jni.cpp, line 709]
Event: 0.758 Thread 0x00007fea0b804800 Exception <a 'java/lang/NoClassDefFoundError': net/java/games/input/ControllerEnvironment> (0x000000076b898008) thrown at [/HUDSON3/workspace/8-2-build-macosx-x86_64/jdk8u40/1901.nc/hotspot/src/share/vm/classfile/systemDictionary.cpp, line 200]

Events (10 events):
Event: 3.036 loading class org/dyn4j/collision/narrowphase/MinkowskiSum
Event: 3.036 loading class org/dyn4j/collision/narrowphase/MinkowskiSum done
Event: 3.469 Thread 0x00007fea0b804800 DEOPT PACKING pc=0x0000000103ec8c7c sp=0x00000001033384e0
Event: 3.469 Thread 0x00007fea0b804800 DEOPT UNPACKING pc=0x0000000103c47633 sp=0x0000000103338368 mode 0
Event: 3.701 Thread 0x00007fea0c922800 Thread exited: 0x00007fea0c922800
Event: 4.196 Executing VM operation: EnableBiasedLocking
Event: 4.196 Executing VM operation: EnableBiasedLocking done
Event: 5.389 Thread 0x00007fea0c922800 Thread added: 0x00007fea0c922800
Event: 6.357 loading class org/lwjgl/opengl/CallbackUtil
Event: 6.357 loading class org/lwjgl/opengl/CallbackUtil done


Dynamic libraries:
0x0000000000ef9000 	/System/Library/Frameworks/Cocoa.framework/Versions/A/Cocoa
0x0000000000ef9000 	/System/Library/Frameworks/Security.framework/Versions/A/Security
0x0000000000ef9000 	/System/Library/Frameworks/ApplicationServices.framework/Versions/A/ApplicationServices
0x0000000000ef9000 	/usr/lib/libz.1.dylib
0x0000000000ef9000 	/usr/lib/libSystem.B.dylib
0x0000000000ef9000 	/usr/lib/libobjc.A.dylib
0x0000000000ef9000 	/System/Library/Frameworks/CoreFoundation.framework/Versions/A/CoreFoundation
0x0000000000ef9000 	/System/Library/Frameworks/Foundation.framework/Versions/C/Foundation
0x0000000000ef9000 	/System/Library/Frameworks/AppKit.framework/Versions/C/AppKit
0x0000000000ef9000 	/System/Library/Frameworks/CoreData.framework/Versions/A/CoreData
0x0000000000ef9000 	/System/Library/PrivateFrameworks/RemoteViewServices.framework/Versions/A/RemoteViewServices
0x0000000000ef9000 	/System/Library/PrivateFrameworks/UIFoundation.framework/Versions/A/UIFoundation
0x0000000000ef9000 	/System/Library/Frameworks/IOSurface.framework/Versions/A/IOSurface
0x0000000000ef9000 	/System/Library/Frameworks/AudioToolbox.framework/Versions/A/AudioToolbox
0x0000000000ef9000 	/System/Library/Frameworks/AudioUnit.framework/Versions/A/AudioUnit
0x0000000000ef9000 	/System/Library/PrivateFrameworks/DataDetectorsCore.framework/Versions/A/DataDetectorsCore
0x0000000000ef9000 	/System/Library/PrivateFrameworks/DesktopServicesPriv.framework/Versions/A/DesktopServicesPriv
0x0000000000ef9000 	/System/Library/Frameworks/Carbon.framework/Versions/A/Frameworks/HIToolbox.framework/Versions/A/HIToolbox
0x0000000000ef9000 	/System/Library/Frameworks/QuartzCore.framework/Versions/A/QuartzCore
0x0000000000ef9000 	/System/Library/Frameworks/Carbon.framework/Versions/A/Frameworks/SpeechRecognition.framework/Versions/A/SpeechRecognition
0x0000000000ef9000 	/usr/lib/libauto.dylib
0x0000000000ef9000 	/usr/lib/libicucore.A.dylib
0x0000000000ef9000 	/usr/lib/libxml2.2.dylib
0x0000000000ef9000 	/System/Library/PrivateFrameworks/CoreUI.framework/Versions/A/CoreUI
0x0000000000ef9000 	/System/Library/Frameworks/CoreAudio.framework/Versions/A/CoreAudio
0x0000000000ef9000 	/System/Library/Frameworks/DiskArbitration.framework/Versions/A/DiskArbitration
0x0000000000ef9000 	/usr/lib/liblangid.dylib
0x0000000000ef9000 	/System/Library/PrivateFrameworks/MultitouchSupport.framework/Versions/A/MultitouchSupport
0x0000000000ef9000 	/System/Library/Frameworks/IOKit.framework/Versions/A/IOKit
0x0000000000ef9000 	/usr/lib/libDiagnosticMessagesClient.dylib
0x0000000000ef9000 	/System/Library/Frameworks/CoreServices.framework/Versions/A/CoreServices
0x0000000000ef9000 	/System/Library/PrivateFrameworks/PerformanceAnalysis.framework/Versions/A/PerformanceAnalysis
0x0000000000ef9000 	/System/Library/PrivateFrameworks/GenerationalStorage.framework/Versions/A/GenerationalStorage
0x0000000000ef9000 	/System/Library/Frameworks/OpenGL.framework/Versions/A/OpenGL
0x0000000000ef9000 	/System/Library/PrivateFrameworks/Sharing.framework/Versions/A/Sharing
0x0000000000ef9000 	/System/Library/Frameworks/CoreGraphics.framework/Versions/A/CoreGraphics
0x0000000000ef9000 	/System/Library/Frameworks/CoreText.framework/Versions/A/CoreText
0x0000000000ef9000 	/System/Library/Frameworks/ImageIO.framework/Versions/A/ImageIO
0x0000000000ef9000 	/usr/lib/libextension.dylib
0x0000000000ef9000 	/System/Library/PrivateFrameworks/Backup.framework/Versions/A/Backup
0x0000000000ef9000 	/usr/lib/libarchive.2.dylib
0x0000000000ef9000 	/System/Library/Frameworks/CFNetwork.framework/Versions/A/CFNetwork
0x0000000000ef9000 	/System/Library/Frameworks/SystemConfiguration.framework/Versions/A/SystemConfiguration
0x0000000000ef9000 	/usr/lib/libCRFSuite.dylib
0x0000000000ef9000 	/usr/lib/libc++.1.dylib
0x0000000000ef9000 	/usr/lib/libc++abi.dylib
0x0000000000ef9000 	/usr/lib/system/libcache.dylib
0x0000000000ef9000 	/usr/lib/system/libcommonCrypto.dylib
0x0000000000ef9000 	/usr/lib/system/libcompiler_rt.dylib
0x0000000000ef9000 	/usr/lib/system/libcopyfile.dylib
0x0000000000ef9000 	/usr/lib/system/libcorecrypto.dylib
0x0000000000ef9000 	/usr/lib/system/libdispatch.dylib
0x0000000000ef9000 	/usr/lib/system/libdyld.dylib
0x0000000000ef9000 	/usr/lib/system/libkeymgr.dylib
0x0000000000ef9000 	/usr/lib/system/liblaunch.dylib
0x0000000000ef9000 	/usr/lib/system/libmacho.dylib
0x0000000000ef9000 	/usr/lib/system/libquarantine.dylib
0x0000000000ef9000 	/usr/lib/system/libremovefile.dylib
0x0000000000ef9000 	/usr/lib/system/libsystem_asl.dylib
0x0000000000ef9000 	/usr/lib/system/libsystem_blocks.dylib
0x0000000000ef9000 	/usr/lib/system/libsystem_c.dylib
0x0000000000ef9000 	/usr/lib/system/libsystem_configuration.dylib
0x0000000000ef9000 	/usr/lib/system/libsystem_coreservices.dylib
0x0000000000ef9000 	/usr/lib/system/libsystem_coretls.dylib
0x0000000000ef9000 	/usr/lib/system/libsystem_dnssd.dylib
0x0000000000ef9000 	/usr/lib/system/libsystem_info.dylib
0x0000000000ef9000 	/usr/lib/system/libsystem_kernel.dylib
0x0000000000ef9000 	/usr/lib/system/libsystem_m.dylib
0x0000000000ef9000 	/usr/lib/system/libsystem_malloc.dylib
0x0000000000ef9000 	/usr/lib/system/libsystem_network.dylib
0x0000000000ef9000 	/usr/lib/system/libsystem_networkextension.dylib
0x0000000000ef9000 	/usr/lib/system/libsystem_notify.dylib
0x0000000000ef9000 	/usr/lib/system/libsystem_platform.dylib
0x0000000000ef9000 	/usr/lib/system/libsystem_pthread.dylib
0x0000000000ef9000 	/usr/lib/system/libsystem_sandbox.dylib
0x0000000000ef9000 	/usr/lib/system/libsystem_secinit.dylib
0x0000000000ef9000 	/usr/lib/system/libsystem_stats.dylib
0x0000000000ef9000 	/usr/lib/system/libsystem_trace.dylib
0x0000000000ef9000 	/usr/lib/system/libunc.dylib
0x0000000000ef9000 	/usr/lib/system/libunwind.dylib
0x0000000000ef9000 	/usr/lib/system/libxpc.dylib
0x0000000000ef9000 	/usr/lib/libbz2.1.0.dylib
0x0000000000ef9000 	/usr/lib/liblzma.5.dylib
0x0000000000ef9000 	/usr/lib/libbsm.0.dylib
0x0000000000ef9000 	/usr/lib/libsqlite3.dylib
0x0000000000ef9000 	/usr/lib/system/libkxld.dylib
0x0000000000ef9000 	/usr/lib/libxar.1.dylib
0x0000000000ef9000 	/usr/lib/libpam.2.dylib
0x0000000000ef9000 	/usr/lib/libOpenScriptingUtil.dylib
0x0000000000ef9000 	/System/Library/Frameworks/CoreServices.framework/Versions/A/Frameworks/FSEvents.framework/Versions/A/FSEvents
0x0000000000ef9000 	/System/Library/Frameworks/CoreServices.framework/Versions/A/Frameworks/CarbonCore.framework/Versions/A/CarbonCore
0x0000000000ef9000 	/System/Library/Frameworks/CoreServices.framework/Versions/A/Frameworks/Metadata.framework/Versions/A/Metadata
0x0000000000ef9000 	/System/Library/Frameworks/CoreServices.framework/Versions/A/Frameworks/OSServices.framework/Versions/A/OSServices
0x0000000000ef9000 	/System/Library/Frameworks/CoreServices.framework/Versions/A/Frameworks/SearchKit.framework/Versions/A/SearchKit
0x0000000000ef9000 	/System/Library/Frameworks/CoreServices.framework/Versions/A/Frameworks/AE.framework/Versions/A/AE
0x0000000000ef9000 	/System/Library/Frameworks/CoreServices.framework/Versions/A/Frameworks/LaunchServices.framework/Versions/A/LaunchServices
0x0000000000ef9000 	/System/Library/Frameworks/CoreServices.framework/Versions/A/Frameworks/DictionaryServices.framework/Versions/A/DictionaryServices
0x0000000000ef9000 	/System/Library/Frameworks/NetFS.framework/Versions/A/NetFS
0x0000000000ef9000 	/System/Library/PrivateFrameworks/NetAuth.framework/Versions/A/NetAuth
0x0000000000ef9000 	/System/Library/PrivateFrameworks/login.framework/Versions/A/Frameworks/loginsupport.framework/Versions/A/loginsupport
0x0000000000ef9000 	/System/Library/PrivateFrameworks/TCC.framework/Versions/A/TCC
0x0000000000ef9000 	/usr/lib/libmecabra.dylib
0x0000000000ef9000 	/System/Library/Frameworks/ApplicationServices.framework/Versions/A/Frameworks/ATS.framework/Versions/A/ATS
0x0000000000ef9000 	/System/Library/Frameworks/ApplicationServices.framework/Versions/A/Frameworks/ColorSync.framework/Versions/A/ColorSync
0x0000000000ef9000 	/System/Library/Frameworks/ApplicationServices.framework/Versions/A/Frameworks/HIServices.framework/Versions/A/HIServices
0x0000000000ef9000 	/System/Library/Frameworks/ApplicationServices.framework/Versions/A/Frameworks/LangAnalysis.framework/Versions/A/LangAnalysis
0x0000000000ef9000 	/System/Library/Frameworks/ApplicationServices.framework/Versions/A/Frameworks/PrintCore.framework/Versions/A/PrintCore
0x0000000000ef9000 	/System/Library/Frameworks/ApplicationServices.framework/Versions/A/Frameworks/QD.framework/Versions/A/QD
0x0000000000ef9000 	/System/Library/Frameworks/ApplicationServices.framework/Versions/A/Frameworks/SpeechSynthesis.framework/Versions/A/SpeechSynthesis
0x0000000000ef9000 	/System/Library/Frameworks/Accelerate.framework/Versions/A/Accelerate
0x0000000000ef9000 	/System/Library/Frameworks/Accelerate.framework/Versions/A/Frameworks/vImage.framework/Versions/A/vImage
0x0000000000ef9000 	/System/Library/Frameworks/Accelerate.framework/Versions/A/Frameworks/vecLib.framework/Versions/A/vecLib
0x0000000000ef9000 	/System/Library/Frameworks/Accelerate.framework/Versions/A/Frameworks/vecLib.framework/Versions/A/libvDSP.dylib
0x0000000000ef9000 	/System/Library/Frameworks/Accelerate.framework/Versions/A/Frameworks/vecLib.framework/Versions/A/libvMisc.dylib
0x0000000000ef9000 	/System/Library/Frameworks/Accelerate.framework/Versions/A/Frameworks/vecLib.framework/Versions/A/libLAPACK.dylib
0x0000000000ef9000 	/System/Library/Frameworks/Accelerate.framework/Versions/A/Frameworks/vecLib.framework/Versions/A/libBLAS.dylib
0x0000000000ef9000 	/System/Library/Frameworks/Accelerate.framework/Versions/A/Frameworks/vecLib.framework/Versions/A/libLinearAlgebra.dylib
0x0000000000ef9000 	/System/Library/Frameworks/ApplicationServices.framework/Versions/A/Frameworks/ATS.framework/Versions/A/Resources/libFontParser.dylib
0x0000000000ef9000 	/System/Library/Frameworks/ApplicationServices.framework/Versions/A/Frameworks/ATS.framework/Versions/A/Resources/libFontRegistry.dylib
0x0000000000ef9000 	/System/Library/PrivateFrameworks/AppleVPA.framework/Versions/A/AppleVPA
0x0000000000ef9000 	/System/Library/PrivateFrameworks/AppleJPEG.framework/Versions/A/AppleJPEG
0x0000000000ef9000 	/System/Library/Frameworks/ImageIO.framework/Versions/A/Resources/libJPEG.dylib
0x0000000000ef9000 	/System/Library/Frameworks/ImageIO.framework/Versions/A/Resources/libTIFF.dylib
0x0000000000ef9000 	/System/Library/Frameworks/ImageIO.framework/Versions/A/Resources/libPng.dylib
0x0000000000ef9000 	/System/Library/Frameworks/ImageIO.framework/Versions/A/Resources/libGIF.dylib
0x0000000000ef9000 	/System/Library/Frameworks/ImageIO.framework/Versions/A/Resources/libJP2.dylib
0x0000000000ef9000 	/System/Library/Frameworks/ImageIO.framework/Versions/A/Resources/libRadiance.dylib
0x0000000000ef9000 	/System/Library/Frameworks/CoreVideo.framework/Versions/A/CoreVideo
0x0000000000ef9000 	/System/Library/Frameworks/OpenGL.framework/Versions/A/Libraries/libGLU.dylib
0x0000000000ef9000 	/System/Library/Frameworks/OpenGL.framework/Versions/A/Libraries/libGFXShared.dylib
0x0000000000ef9000 	/System/Library/Frameworks/OpenGL.framework/Versions/A/Libraries/libGL.dylib
0x0000000000ef9000 	/System/Library/Frameworks/OpenGL.framework/Versions/A/Libraries/libGLImage.dylib
0x0000000000ef9000 	/System/Library/Frameworks/OpenGL.framework/Versions/A/Libraries/libCVMSPluginSupport.dylib
0x0000000000ef9000 	/System/Library/Frameworks/OpenGL.framework/Versions/A/Libraries/libCoreVMClient.dylib
0x0000000000ef9000 	/usr/lib/libcups.2.dylib
0x0000000000ef9000 	/System/Library/Frameworks/Kerberos.framework/Versions/A/Kerberos
0x0000000000ef9000 	/System/Library/Frameworks/GSS.framework/Versions/A/GSS
0x0000000000ef9000 	/usr/lib/libresolv.9.dylib
0x0000000000ef9000 	/usr/lib/libiconv.2.dylib
0x0000000000ef9000 	/System/Library/PrivateFrameworks/Heimdal.framework/Versions/A/Heimdal
0x0000000000ef9000 	/usr/lib/libheimdal-asn1.dylib
0x0000000000ef9000 	/System/Library/Frameworks/OpenDirectory.framework/Versions/A/OpenDirectory
0x0000000000ef9000 	/System/Library/PrivateFrameworks/CommonAuth.framework/Versions/A/CommonAuth
0x0000000000ef9000 	/System/Library/Frameworks/OpenDirectory.framework/Versions/A/Frameworks/CFOpenDirectory.framework/Versions/A/CFOpenDirectory
0x0000000000ef9000 	/System/Library/Frameworks/SecurityFoundation.framework/Versions/A/SecurityFoundation
0x0000000000ef9000 	/System/Library/PrivateFrameworks/LanguageModeling.framework/Versions/A/LanguageModeling
0x0000000000ef9000 	/usr/lib/libcmph.dylib
0x0000000000ef9000 	/System/Library/Frameworks/ServiceManagement.framework/Versions/A/ServiceManagement
0x0000000000ef9000 	/usr/lib/libxslt.1.dylib
0x0000000000ef9000 	/System/Library/Frameworks/Carbon.framework/Versions/A/Frameworks/Ink.framework/Versions/A/Ink
0x0000000000ef9000 	/System/Library/Frameworks/QuartzCore.framework/Versions/A/Frameworks/CoreImage.framework/Versions/A/CoreImage
0x0000000000ef9000 	/System/Library/PrivateFrameworks/CrashReporterSupport.framework/Versions/A/CrashReporterSupport
0x0000000000ef9000 	/System/Library/Frameworks/OpenCL.framework/Versions/A/OpenCL
0x0000000000ef9000 	/System/Library/PrivateFrameworks/FaceCore.framework/Versions/A/FaceCore
0x0000000000ef9000 	/System/Library/PrivateFrameworks/Ubiquity.framework/Versions/A/Ubiquity
0x0000000000ef9000 	/System/Library/PrivateFrameworks/IconServices.framework/Versions/A/IconServices
0x0000000000ef9000 	/System/Library/PrivateFrameworks/ChunkingLibrary.framework/Versions/A/ChunkingLibrary
0x0000000000ef9000 	/System/Library/PrivateFrameworks/Apple80211.framework/Versions/A/Apple80211
0x0000000000ef9000 	/System/Library/Frameworks/CoreWLAN.framework/Versions/A/CoreWLAN
0x0000000000ef9000 	/System/Library/Frameworks/IOBluetooth.framework/Versions/A/IOBluetooth
0x0000000000ef9000 	/System/Library/PrivateFrameworks/CoreWiFi.framework/Versions/A/CoreWiFi
0x0000000000ef9000 	/System/Library/Frameworks/CoreBluetooth.framework/Versions/A/CoreBluetooth
0x0000000000ef9000 	/System/Library/PrivateFrameworks/DebugSymbols.framework/Versions/A/DebugSymbols
0x0000000000ef9000 	/System/Library/PrivateFrameworks/CoreSymbolication.framework/Versions/A/CoreSymbolication
0x0000000000ef9000 	/System/Library/PrivateFrameworks/Symbolication.framework/Versions/A/Symbolication
0x0000000000ef9000 	/System/Library/PrivateFrameworks/SpeechRecognitionCore.framework/Versions/A/SpeechRecognitionCore
0x00000001022df000 	/Library/Java/JavaVirtualMachines/jdk1.8.0_40.jdk/Contents/Home/jre/lib/server/libjvm.dylib
0x0000000000ef9000 	/usr/lib/libstdc++.6.dylib
0x0000000103352000 	/Library/Java/JavaVirtualMachines/jdk1.8.0_40.jdk/Contents/Home/jre/lib/libverify.dylib
0x0000000103360000 	/Library/Java/JavaVirtualMachines/jdk1.8.0_40.jdk/Contents/Home/jre/lib/libjava.dylib
0x000000010339e000 	/Library/Java/JavaVirtualMachines/jdk1.8.0_40.jdk/Contents/Home/jre/lib/libzip.dylib
0x000000011e6fa000 	/System/Library/Frameworks/JavaVM.framework/Frameworks/JavaRuntimeSupport.framework/JavaRuntimeSupport
0x000000011e712000 	/System/Library/Frameworks/JavaVM.framework/Versions/A/Frameworks/JavaNativeFoundation.framework/Versions/A/JavaNativeFoundation
0x000000011e727000 	/System/Library/Frameworks/JavaVM.framework/Versions/A/JavaVM
0x0000000000ef9000 	/System/Library/Frameworks/Carbon.framework/Versions/A/Carbon
0x000000011e734000 	/System/Library/PrivateFrameworks/JavaLaunching.framework/Versions/A/JavaLaunching
0x0000000000ef9000 	/System/Library/Frameworks/Carbon.framework/Versions/A/Frameworks/CommonPanels.framework/Versions/A/CommonPanels
0x0000000000ef9000 	/System/Library/Frameworks/Carbon.framework/Versions/A/Frameworks/Help.framework/Versions/A/Help
0x0000000000ef9000 	/System/Library/Frameworks/Carbon.framework/Versions/A/Frameworks/ImageCapture.framework/Versions/A/ImageCapture
0x0000000000ef9000 	/System/Library/Frameworks/Carbon.framework/Versions/A/Frameworks/OpenScripting.framework/Versions/A/OpenScripting
0x0000000000ef9000 	/System/Library/Frameworks/Carbon.framework/Versions/A/Frameworks/Print.framework/Versions/A/Print
0x0000000000ef9000 	/System/Library/Frameworks/Carbon.framework/Versions/A/Frameworks/SecurityHI.framework/Versions/A/SecurityHI
0x00000001205c7000 	/Library/Java/JavaVirtualMachines/jdk1.8.0_40.jdk/Contents/Home/jre/lib/libawt.dylib
0x000000012066f000 	/Library/Java/JavaVirtualMachines/jdk1.8.0_40.jdk/Contents/Home/jre/lib/./libmlib_image.dylib
0x000000012073b000 	/Library/Java/JavaVirtualMachines/jdk1.8.0_40.jdk/Contents/Home/jre/lib/libawt_lwawt.dylib
0x00000001207ee000 	/Library/Java/JavaVirtualMachines/jdk1.8.0_40.jdk/Contents/Home/jre/lib/./libosxapp.dylib
0x0000000000ef9000 	/System/Library/Frameworks/ExceptionHandling.framework/Versions/A/ExceptionHandling
0x0000000000ef9000 	/System/Library/PrivateFrameworks/CoreServicesInternal.framework/Versions/A/CoreServicesInternal
0x0000000000ef9000 	/System/Library/PrivateFrameworks/CloudDocs.framework/Versions/A/CloudDocs
0x0000000000ef9000 	/System/Library/PrivateFrameworks/CoreDuet.framework/Versions/A/CoreDuet
0x0000000000ef9000 	/System/Library/Frameworks/CloudKit.framework/Versions/A/CloudKit
0x0000000000ef9000 	/System/Library/PrivateFrameworks/ProtocolBuffer.framework/Versions/A/ProtocolBuffer
0x0000000000ef9000 	/System/Library/PrivateFrameworks/CoreDuetDaemonProtocol.framework/Versions/A/CoreDuetDaemonProtocol
0x0000000000ef9000 	/System/Library/PrivateFrameworks/CoreDuetDebugLogging.framework/Versions/A/CoreDuetDebugLogging
0x0000000000ef9000 	/System/Library/Frameworks/CoreLocation.framework/Versions/A/CoreLocation
0x0000000000ef9000 	/System/Library/Frameworks/Accounts.framework/Versions/A/Accounts
0x0000000000ef9000 	/System/Library/PrivateFrameworks/ApplePushService.framework/Versions/A/ApplePushService
0x0000000000ef9000 	/System/Library/PrivateFrameworks/GeoServices.framework/Versions/A/GeoServices
0x0000000000ef9000 	/System/Library/PrivateFrameworks/OAuth.framework/Versions/A/OAuth
0x0000000000ef9000 	/System/Library/PrivateFrameworks/CoreDaemon.framework/Versions/B/CoreDaemon
0x0000000000ef9000 	/usr/lib/libcrypto.0.9.8.dylib
0x0000000000ef9000 	/System/Library/PrivateFrameworks/AppleSRP.framework/Versions/A/AppleSRP
0x0000000000ef9000 	/System/Library/PrivateFrameworks/TrustEvaluationAgent.framework/Versions/A/TrustEvaluationAgent
0x0000000000ef9000 	/System/Library/Frameworks/CoreGraphics.framework/Versions/A/Resources/libCGCMS.A.dylib
0x0000000000ef9000 	/System/Library/Frameworks/CoreGraphics.framework/Versions/A/Resources/libRIP.A.dylib
0x0000000000ef9000 	/System/Library/Frameworks/CoreGraphics.framework/Versions/A/Resources/libCGXType.A.dylib
0x0000000000ef9000 	/System/Library/Frameworks/OpenCL.framework/Versions/A/Libraries/libcldcpuengine.dylib
0x0000000000ef9000 	/System/Library/PrivateFrameworks/DiskImages.framework/Versions/A/DiskImages
0x0000000000ef9000 	/System/Library/Frameworks/DiscRecording.framework/Versions/A/DiscRecording
0x0000000000ef9000 	/usr/lib/libcsfde.dylib
0x0000000000ef9000 	/usr/lib/libcurl.4.dylib
0x0000000000ef9000 	/System/Library/PrivateFrameworks/MediaKit.framework/Versions/A/MediaKit
0x0000000000ef9000 	/System/Library/PrivateFrameworks/ProtectedCloudStorage.framework/Versions/A/ProtectedCloudStorage
0x0000000000ef9000 	/usr/lib/libCoreStorage.dylib
0x0000000000ef9000 	/System/Library/PrivateFrameworks/EFILogin.framework/Versions/A/EFILogin
0x0000000000ef9000 	/usr/lib/libutil.dylib
0x0000000000ef9000 	/System/Library/PrivateFrameworks/FindMyDevice.framework/Versions/A/FindMyDevice
0x0000000000ef9000 	/System/Library/Frameworks/LDAP.framework/Versions/A/LDAP
0x0000000000ef9000 	/usr/lib/libsasl2.2.dylib
0x00000001235a2000 	cl_kernels
0x00000001235a4000 	/System/Library/Frameworks/OpenCL.framework/Versions/A/Libraries/ImageFormats/unorm8_bgra.dylib
0x0000000123593000 	cl_kernels
0x0000000000ef9000 	/System/Library/PrivateFrameworks/FamilyControls.framework/Versions/A/FamilyControls
0x0000000000ef9000 	/System/Library/PrivateFrameworks/CommerceKit.framework/Versions/A/Frameworks/CommerceCore.framework/Versions/A/CommerceCore
0x0000000000ef9000 	/System/Library/PrivateFrameworks/SystemAdministration.framework/Versions/A/SystemAdministration
0x0000000000ef9000 	/System/Library/PrivateFrameworks/AppContainer.framework/Versions/A/AppContainer
0x0000000000ef9000 	/System/Library/PrivateFrameworks/SecCodeWrapper.framework/Versions/A/SecCodeWrapper
0x0000000000ef9000 	/System/Library/Frameworks/DirectoryService.framework/Versions/A/DirectoryService
0x0000000000ef9000 	/System/Library/PrivateFrameworks/LoginUIKit.framework/Versions/A/Frameworks/LoginUICore.framework/Versions/A/LoginUICore
0x0000000000ef9000 	/usr/lib/libodfde.dylib
0x0000000124767000 	/Library/Java/JavaVirtualMachines/jdk1.8.0_40.jdk/Contents/Home/jre/lib/libfontmanager.dylib
0x00000001247ce000 	/Users/Phoenix/Desktop/GitHub/Slick2D/liblwjgl.dylib
0x0000000122ad6000 	/Library/Java/JavaVirtualMachines/jdk1.8.0_40.jdk/Contents/Home/jre/lib/libjawt.dylib
0x0000000000ef9000 	/System/Library/Frameworks/OpenGL.framework/Versions/A/Resources/GLEngine.bundle/GLEngine
0x0000000000ef9000 	/System/Library/Frameworks/OpenGL.framework/Versions/A/Libraries/libGLProgrammability.dylib
0x0000000000000000 	/System/Library/Extensions/AppleIntelHD3000GraphicsGLDriver.bundle/Contents/MacOS/AppleIntelHD3000GraphicsGLDriver
0x000000012485a000 	/System/Library/PrivateFrameworks/GPUSupport.framework/Versions/A/Libraries/libGPUSupport.dylib
0x0000000000ef9000 	/System/Library/Frameworks/OpenGL.framework/Versions/A/Resources/GLRendererFloat.bundle/GLRendererFloat

VM Arguments:
jvm_args: -Djava.library.path=/Users/Phoenix/Desktop/GitHub/Slick2D -Dfile.encoding=UTF-8 
java_command: com.phoenixkahlo.eclipse.Eclipse
java_class_path (initial): /Users/Phoenix/Desktop/GitHub/Room_Game/bin:/Users/Phoenix/Desktop/GitHub/Slick2D/lib/lwjgl.jar:/Users/Phoenix/Desktop/GitHub/Slick2D/lib/slick.jar:/Users/Phoenix/Desktop/GitHub/dyn4j/dyn4j-3.2.0.jar
Launcher Type: SUN_STANDARD

Environment Variables:
PATH=/usr/bin:/bin:/usr/sbin:/sbin
SHELL=/bin/bash
DISPLAY=/private/tmp/com.apple.launchd.6PH1xS3GyB/org.macosforge.xquartz:0

Signal Handlers:
SIGSEGV: [libjvm.dylib+0x58921b], sa_mask[0]=11111111011111110111111111111111, sa_flags=SA_ONSTACK|SA_RESTART|SA_SIGINFO
SIGBUS: [libjvm.dylib+0x58921b], sa_mask[0]=11111111011111110111111111111111, sa_flags=SA_RESTART|SA_SIGINFO
SIGFPE: [libjvm.dylib+0x466ad4], sa_mask[0]=11111111011111110111111111111111, sa_flags=SA_RESTART|SA_SIGINFO
SIGPIPE: [libjvm.dylib+0x466ad4], sa_mask[0]=11111111011111110111111111111111, sa_flags=SA_RESTART|SA_SIGINFO
SIGXFSZ: [libjvm.dylib+0x466ad4], sa_mask[0]=11111111011111110111111111111111, sa_flags=SA_RESTART|SA_SIGINFO
SIGILL: [libjvm.dylib+0x466ad4], sa_mask[0]=11111111011111110111111111111111, sa_flags=SA_RESTART|SA_SIGINFO
SIGUSR1: SIG_DFL, sa_mask[0]=00000000000000000000000000000000, sa_flags=none
SIGUSR2: [libjvm.dylib+0x4665f2], sa_mask[0]=00100000000000000000000000000000, sa_flags=SA_RESTART|SA_SIGINFO
SIGHUP: [libjvm.dylib+0x464bc5], sa_mask[0]=11111111011111110111111111111111, sa_flags=SA_RESTART|SA_SIGINFO
SIGINT: [libjvm.dylib+0x464bc5], sa_mask[0]=11111111011111110111111111111111, sa_flags=SA_RESTART|SA_SIGINFO
SIGTERM: [libjvm.dylib+0x464bc5], sa_mask[0]=11111111011111110111111111111111, sa_flags=SA_RESTART|SA_SIGINFO
SIGQUIT: [libjvm.dylib+0x464bc5], sa_mask[0]=11111111011111110111111111111111, sa_flags=SA_RESTART|SA_SIGINFO


---------------  S Y S T E M  ---------------

OS:Bsduname:Darwin 14.1.0 Darwin Kernel Version 14.1.0: Thu Feb 26 19:26:47 PST 2015; root:xnu-2782.10.73~1/RELEASE_X86_64 x86_64
rlimit: STACK 8192k, CORE 0k, NPROC 709, NOFILE 10240, AS infinity
load average:1.51 1.76 3.50

CPU:total 4 (2 cores per cpu, 2 threads per core) family 6 model 42 stepping 7, cmov, cx8, fxsr, mmx, sse, sse2, sse3, ssse3, sse4.1, sse4.2, popcnt, avx, aes, clmul, ht, tsc, tscinvbit

Memory: 4k page, physical 16777216k(1763228k free)

/proc/meminfo:


vm_info: Java HotSpot(TM) 64-Bit Server VM (25.40-b16) for bsd-amd64 JRE (1.8.0_40-ea-b12), built on Oct 28 2014 23:44:01 by "java_re" with gcc 4.2.1 (Based on Apple Inc. build 5658) (LLVM build 2336.11.00)

time: Tue Apr 26 14:17:48 2016
elapsed time: 6 seconds (0d 0h 0m 6s)

